core   0: 0x00001000 (0x00000297) auipc   x5, 0x0
core   0: 3 0x00001000 (0x00000297) x5  0x00001000
core   1: 0x00001000 (0x00000297) auipc   x5, 0x0
core   1: 3 0x00001000 (0x00000297) x5  0x00001000
core   2: 0x00001000 (0x00000297) auipc   x5, 0x0
core   2: 3 0x00001000 (0x00000297) x5  0x00001000
core   3: 0x00001000 (0x00000297) auipc   x5, 0x0
core   3: 3 0x00001000 (0x00000297) x5  0x00001000
core   0: 0x00001004 (0x02028593) addi    x11, x5, 32
core   0: 3 0x00001004 (0x02028593) x11 0x00001020
core   1: 0x00001004 (0x02028593) addi    x11, x5, 32
core   1: 3 0x00001004 (0x02028593) x11 0x00001020
core   2: 0x00001004 (0x02028593) addi    x11, x5, 32
core   2: 3 0x00001004 (0x02028593) x11 0x00001020
core   3: 0x00001004 (0x02028593) addi    x11, x5, 32
core   3: 3 0x00001004 (0x02028593) x11 0x00001020
core   0: 0x00001008 (0xf1402573) csrr    x10, mhartid
core   0: 3 0x00001008 (0xf1402573) x10 0x00000000
core   1: 0x00001008 (0xf1402573) csrr    x10, mhartid
core   1: 3 0x00001008 (0xf1402573) x10 0x00000001
core   2: 0x00001008 (0xf1402573) csrr    x10, mhartid
core   2: 3 0x00001008 (0xf1402573) x10 0x00000002
core   3: 0x00001008 (0xf1402573) csrr    x10, mhartid
core   3: 3 0x00001008 (0xf1402573) x10 0x00000003
core   0: 0x0000100c (0x0182a283) lw      x5, 24(x5)
core   0: 3 0x0000100c (0x0182a283) x5  0x80000000 mem 0x00001018
core   1: 0x0000100c (0x0182a283) lw      x5, 24(x5)
core   1: 3 0x0000100c (0x0182a283) x5  0x80000000 mem 0x00001018
core   2: 0x0000100c (0x0182a283) lw      x5, 24(x5)
core   2: 3 0x0000100c (0x0182a283) x5  0x80000000 mem 0x00001018
core   3: 0x0000100c (0x0182a283) lw      x5, 24(x5)
core   3: 3 0x0000100c (0x0182a283) x5  0x80000000 mem 0x00001018
core   0: 0x00001010 (0x00028067) jr      x5
core   0: 3 0x00001010 (0x00028067)
core   1: 0x00001010 (0x00028067) jr      x5
core   1: 3 0x00001010 (0x00028067)
core   2: 0x00001010 (0x00028067) jr      x5
core   2: 3 0x00001010 (0x00028067)
core   3: 0x00001010 (0x00028067) jr      x5
core   3: 3 0x00001010 (0x00028067)
core   0: 0x80000000 (0x00019197) auipc   x3, 0x19
core   0: 3 0x80000000 (0x00019197) x3  0x80019000
core   1: 0x80000000 (0x00019197) auipc   x3, 0x19
core   1: 3 0x80000000 (0x00019197) x3  0x80019000
core   2: 0x80000000 (0x00019197) auipc   x3, 0x19
core   2: 3 0x80000000 (0x00019197) x3  0x80019000
core   3: 0x80000000 (0x00019197) auipc   x3, 0x19
core   3: 3 0x80000000 (0x00019197) x3  0x80019000
core   0: 0x80000004 (0xa4018193) addi    x3, x3, -1472
core   0: 3 0x80000004 (0xa4018193) x3  0x80018a40
core   1: 0x80000004 (0xa4018193) addi    x3, x3, -1472
core   1: 3 0x80000004 (0xa4018193) x3  0x80018a40
core   2: 0x80000004 (0xa4018193) addi    x3, x3, -1472
core   2: 3 0x80000004 (0xa4018193) x3  0x80018a40
core   3: 0x80000004 (0xa4018193) addi    x3, x3, -1472
core   3: 3 0x80000004 (0xa4018193) x3  0x80018a40
core   0: 0x80000008 (0x02000e93) li      x29, 32
core   0: 3 0x80000008 (0x02000e93) x29 0x00000020
core   1: 0x80000008 (0x02000e93) li      x29, 32
core   1: 3 0x80000008 (0x02000e93) x29 0x00000020
core   2: 0x80000008 (0x02000e93) li      x29, 32
core   2: 3 0x80000008 (0x02000e93) x29 0x00000020
core   3: 0x80000008 (0x02000e93) li      x29, 32
core   3: 3 0x80000008 (0x02000e93) x29 0x00000020
core   0: 0x8000000c (0x0d0efed7) vsetvli x29, x29, e32, m1, ta, ma
core   0: 3 0x8000000c (0x0d0efed7) x29 0x00000008 c8_vstart 0x00000000 c3104_vl 0x00000008 c3105_vtype 0x000000d0 c768_mstatus 0x80000600
core   1: 0x8000000c (0x0d0efed7) vsetvli x29, x29, e32, m1, ta, ma
core   1: 3 0x8000000c (0x0d0efed7) x29 0x00000008 c8_vstart 0x00000000 c3104_vl 0x00000008 c3105_vtype 0x000000d0 c768_mstatus 0x80000600
core   2: 0x8000000c (0x0d0efed7) vsetvli x29, x29, e32, m1, ta, ma
core   2: 3 0x8000000c (0x0d0efed7) x29 0x00000008 c8_vstart 0x00000000 c3104_vl 0x00000008 c3105_vtype 0x000000d0 c768_mstatus 0x80000600
core   3: 0x8000000c (0x0d0efed7) vsetvli x29, x29, e32, m1, ta, ma
core   3: 3 0x8000000c (0x0d0efed7) x29 0x00000008 c8_vstart 0x00000000 c3104_vl 0x00000008 c3105_vtype 0x000000d0 c768_mstatus 0x80000600
core   0: 0x80000010 (0x00002eb7) lui     x29, 0x2
core   0: 3 0x80000010 (0x00002eb7) x29 0x00002000
core   1: 0x80000010 (0x00002eb7) lui     x29, 0x2
core   1: 3 0x80000010 (0x00002eb7) x29 0x00002000
core   2: 0x80000010 (0x00002eb7) lui     x29, 0x2
core   2: 3 0x80000010 (0x00002eb7) x29 0x00002000
core   3: 0x80000010 (0x00002eb7) lui     x29, 0x2
core   3: 3 0x80000010 (0x00002eb7) x29 0x00002000
core   0: 0x80000014 (0x300eaef3) csrrs   x29, mstatus, x29
core   0: 3 0x80000014 (0x300eaef3) x29 0x80000600 c768_mstatus 0x80006600
core   1: 0x80000014 (0x300eaef3) csrrs   x29, mstatus, x29
core   1: 3 0x80000014 (0x300eaef3) x29 0x80000600 c768_mstatus 0x80006600
core   2: 0x80000014 (0x300eaef3) csrrs   x29, mstatus, x29
core   2: 3 0x80000014 (0x300eaef3) x29 0x80000600 c768_mstatus 0x80006600
core   3: 0x80000014 (0x300eaef3) csrrs   x29, mstatus, x29
core   3: 3 0x80000014 (0x300eaef3) x29 0x80000600 c768_mstatus 0x80006600
core   0: 0x80000018 (0x00000e93) li      x29, 0
core   0: 3 0x80000018 (0x00000e93) x29 0x00000000
core   1: 0x80000018 (0x00000e93) li      x29, 0
core   1: 3 0x80000018 (0x00000e93) x29 0x00000000
core   2: 0x80000018 (0x00000e93) li      x29, 0
core   2: 3 0x80000018 (0x00000e93) x29 0x00000000
core   3: 0x80000018 (0x00000e93) li      x29, 0
core   3: 3 0x80000018 (0x00000e93) x29 0x00000000
core   0: 0x8000001c (0x80602173) csrr    x2, lds
core   0: 3 0x8000001c (0x80602173) x2  0x70000000
core   1: 0x8000001c (0x80602173) csrr    x2, lds
core   1: 3 0x8000001c (0x80602173) x2  0x70000000
core   2: 0x8000001c (0x80602173) csrr    x2, lds
core   2: 3 0x8000001c (0x80602173) x2  0x70001000
core   3: 0x8000001c (0x80602173) csrr    x2, lds
core   3: 3 0x8000001c (0x80602173) x2  0x70001000
core   0: 0x80000020 (0x00000213) li      x4, 0
core   0: 3 0x80000020 (0x00000213) x4  0x00000000
core   1: 0x80000020 (0x00000213) li      x4, 0
core   1: 3 0x80000020 (0x00000213) x4  0x00000000
core   2: 0x80000020 (0x00000213) li      x4, 0
core   2: 3 0x80000020 (0x00000213) x4  0x00000000
core   3: 0x80000020 (0x00000213) li      x4, 0
core   3: 3 0x80000020 (0x00000213) x4  0x00000000
core   0: 0x80000024 (0x00018517) auipc   x10, 0x18
core   0: 3 0x80000024 (0x00018517) x10 0x80018024
core   1: 0x80000024 (0x00018517) auipc   x10, 0x18
core   1: 3 0x80000024 (0x00018517) x10 0x80018024
core   2: 0x80000024 (0x00018517) auipc   x10, 0x18
core   2: 3 0x80000024 (0x00018517) x10 0x80018024
core   3: 0x80000024 (0x00018517) auipc   x10, 0x18
core   3: 3 0x80000024 (0x00018517) x10 0x80018024
core   0: 0x80000028 (0x23850513) addi    x10, x10, 568
core   0: 3 0x80000028 (0x23850513) x10 0x8001825c
core   1: 0x80000028 (0x23850513) addi    x10, x10, 568
core   1: 3 0x80000028 (0x23850513) x10 0x8001825c
core   2: 0x80000028 (0x23850513) addi    x10, x10, 568
core   2: 3 0x80000028 (0x23850513) x10 0x8001825c
core   3: 0x80000028 (0x23850513) addi    x10, x10, 568
core   3: 3 0x80000028 (0x23850513) x10 0x8001825c
core   0: 0x8000002c (0x00018617) auipc   x12, 0x18
core   0: 3 0x8000002c (0x00018617) x12 0x8001802c
core   1: 0x8000002c (0x00018617) auipc   x12, 0x18
core   1: 3 0x8000002c (0x00018617) x12 0x8001802c
core   2: 0x8000002c (0x00018617) auipc   x12, 0x18
core   2: 3 0x8000002c (0x00018617) x12 0x8001802c
core   3: 0x8000002c (0x00018617) auipc   x12, 0x18
core   3: 3 0x8000002c (0x00018617) x12 0x8001802c
core   0: 0x80000030 (0x25860613) addi    x12, x12, 600
core   0: 3 0x80000030 (0x25860613) x12 0x80018284
core   1: 0x80000030 (0x25860613) addi    x12, x12, 600
core   1: 3 0x80000030 (0x25860613) x12 0x80018284
core   2: 0x80000030 (0x25860613) addi    x12, x12, 600
core   2: 3 0x80000030 (0x25860613) x12 0x80018284
core   3: 0x80000030 (0x25860613) addi    x12, x12, 600
core   3: 3 0x80000030 (0x25860613) x12 0x80018284
core   0: 0x80000034 (0x00c50863) beq     x10, x12, pc + 16
core   0: 3 0x80000034 (0x00c50863)
core   1: 0x80000034 (0x00c50863) beq     x10, x12, pc + 16
core   1: 3 0x80000034 (0x00c50863)
core   2: 0x80000034 (0x00c50863) beq     x10, x12, pc + 16
core   2: 3 0x80000034 (0x00c50863)
core   3: 0x80000034 (0x00c50863) beq     x10, x12, pc + 16
core   3: 3 0x80000034 (0x00c50863)
core   0: 0x80000038 (0x00052023) sw      x0, 0(x10)
core   0: 3 0x80000038 (0x00052023) mem 0x8001825c 0x00000000
core   1: 0x80000038 (0x00052023) sw      x0, 0(x10)
core   1: 3 0x80000038 (0x00052023) mem 0x8001825c 0x00000000
core   2: 0x80000038 (0x00052023) sw      x0, 0(x10)
core   2: 3 0x80000038 (0x00052023) mem 0x8001825c 0x00000000
core   3: 0x80000038 (0x00052023) sw      x0, 0(x10)
core   3: 3 0x80000038 (0x00052023) mem 0x8001825c 0x00000000
core   0: 0x8000003c (0x00450513) addi    x10, x10, 4
core   0: 3 0x8000003c (0x00450513) x10 0x80018260
core   1: 0x8000003c (0x00450513) addi    x10, x10, 4
core   1: 3 0x8000003c (0x00450513) x10 0x80018260
core   2: 0x8000003c (0x00450513) addi    x10, x10, 4
core   2: 3 0x8000003c (0x00450513) x10 0x80018260
core   3: 0x8000003c (0x00450513) addi    x10, x10, 4
core   3: 3 0x8000003c (0x00450513) x10 0x80018260
core   0: 0x80000040 (0xfec56ce3) bltu    x10, x12, pc - 8
core   0: 3 0x80000040 (0xfec56ce3)
core   1: 0x80000040 (0xfec56ce3) bltu    x10, x12, pc - 8
core   1: 3 0x80000040 (0xfec56ce3)
core   2: 0x80000040 (0xfec56ce3) bltu    x10, x12, pc - 8
core   2: 3 0x80000040 (0xfec56ce3)
core   3: 0x80000040 (0xfec56ce3) bltu    x10, x12, pc - 8
core   3: 3 0x80000040 (0xfec56ce3)
core   0: 0x80000038 (0x00052023) sw      x0, 0(x10)
core   0: 3 0x80000038 (0x00052023) mem 0x80018260 0x00000000
core   1: 0x80000038 (0x00052023) sw      x0, 0(x10)
core   1: 3 0x80000038 (0x00052023) mem 0x80018260 0x00000000
core   2: 0x80000038 (0x00052023) sw      x0, 0(x10)
core   2: 3 0x80000038 (0x00052023) mem 0x80018260 0x00000000
core   3: 0x80000038 (0x00052023) sw      x0, 0(x10)
core   3: 3 0x80000038 (0x00052023) mem 0x80018260 0x00000000
core   0: 0x8000003c (0x00450513) addi    x10, x10, 4
core   0: 3 0x8000003c (0x00450513) x10 0x80018264
core   1: 0x8000003c (0x00450513) addi    x10, x10, 4
core   1: 3 0x8000003c (0x00450513) x10 0x80018264
core   2: 0x8000003c (0x00450513) addi    x10, x10, 4
core   2: 3 0x8000003c (0x00450513) x10 0x80018264
core   3: 0x8000003c (0x00450513) addi    x10, x10, 4
core   3: 3 0x8000003c (0x00450513) x10 0x80018264
core   0: 0x80000040 (0xfec56ce3) bltu    x10, x12, pc - 8
core   0: 3 0x80000040 (0xfec56ce3)
core   1: 0x80000040 (0xfec56ce3) bltu    x10, x12, pc - 8
core   1: 3 0x80000040 (0xfec56ce3)
core   2: 0x80000040 (0xfec56ce3) bltu    x10, x12, pc - 8
core   2: 3 0x80000040 (0xfec56ce3)
core   3: 0x80000040 (0xfec56ce3) bltu    x10, x12, pc - 8
core   3: 3 0x80000040 (0xfec56ce3)
core   0: 0x80000038 (0x00052023) sw      x0, 0(x10)
core   0: 3 0x80000038 (0x00052023) mem 0x80018264 0x00000000
core   1: 0x80000038 (0x00052023) sw      x0, 0(x10)
core   1: 3 0x80000038 (0x00052023) mem 0x80018264 0x00000000
core   2: 0x80000038 (0x00052023) sw      x0, 0(x10)
core   2: 3 0x80000038 (0x00052023) mem 0x80018264 0x00000000
core   3: 0x80000038 (0x00052023) sw      x0, 0(x10)
core   3: 3 0x80000038 (0x00052023) mem 0x80018264 0x00000000
core   0: 0x8000003c (0x00450513) addi    x10, x10, 4
core   0: 3 0x8000003c (0x00450513) x10 0x80018268
core   1: 0x8000003c (0x00450513) addi    x10, x10, 4
core   1: 3 0x8000003c (0x00450513) x10 0x80018268
core   2: 0x8000003c (0x00450513) addi    x10, x10, 4
core   2: 3 0x8000003c (0x00450513) x10 0x80018268
core   3: 0x8000003c (0x00450513) addi    x10, x10, 4
core   3: 3 0x8000003c (0x00450513) x10 0x80018268
core   0: 0x80000040 (0xfec56ce3) bltu    x10, x12, pc - 8
core   0: 3 0x80000040 (0xfec56ce3)
core   1: 0x80000040 (0xfec56ce3) bltu    x10, x12, pc - 8
core   1: 3 0x80000040 (0xfec56ce3)
core   2: 0x80000040 (0xfec56ce3) bltu    x10, x12, pc - 8
core   2: 3 0x80000040 (0xfec56ce3)
core   3: 0x80000040 (0xfec56ce3) bltu    x10, x12, pc - 8
core   3: 3 0x80000040 (0xfec56ce3)
core   0: 0x80000038 (0x00052023) sw      x0, 0(x10)
core   0: 3 0x80000038 (0x00052023) mem 0x80018268 0x00000000
core   1: 0x80000038 (0x00052023) sw      x0, 0(x10)
core   1: 3 0x80000038 (0x00052023) mem 0x80018268 0x00000000
core   2: 0x80000038 (0x00052023) sw      x0, 0(x10)
core   2: 3 0x80000038 (0x00052023) mem 0x80018268 0x00000000
core   3: 0x80000038 (0x00052023) sw      x0, 0(x10)
core   3: 3 0x80000038 (0x00052023) mem 0x80018268 0x00000000
core   0: 0x8000003c (0x00450513) addi    x10, x10, 4
core   0: 3 0x8000003c (0x00450513) x10 0x8001826c
core   1: 0x8000003c (0x00450513) addi    x10, x10, 4
core   1: 3 0x8000003c (0x00450513) x10 0x8001826c
core   2: 0x8000003c (0x00450513) addi    x10, x10, 4
core   2: 3 0x8000003c (0x00450513) x10 0x8001826c
core   3: 0x8000003c (0x00450513) addi    x10, x10, 4
core   3: 3 0x8000003c (0x00450513) x10 0x8001826c
core   0: 0x80000040 (0xfec56ce3) bltu    x10, x12, pc - 8
core   0: 3 0x80000040 (0xfec56ce3)
core   1: 0x80000040 (0xfec56ce3) bltu    x10, x12, pc - 8
core   1: 3 0x80000040 (0xfec56ce3)
core   2: 0x80000040 (0xfec56ce3) bltu    x10, x12, pc - 8
core   2: 3 0x80000040 (0xfec56ce3)
core   3: 0x80000040 (0xfec56ce3) bltu    x10, x12, pc - 8
core   3: 3 0x80000040 (0xfec56ce3)
core   0: 0x80000038 (0x00052023) sw      x0, 0(x10)
core   0: 3 0x80000038 (0x00052023) mem 0x8001826c 0x00000000
core   1: 0x80000038 (0x00052023) sw      x0, 0(x10)
core   1: 3 0x80000038 (0x00052023) mem 0x8001826c 0x00000000
core   2: 0x80000038 (0x00052023) sw      x0, 0(x10)
core   2: 3 0x80000038 (0x00052023) mem 0x8001826c 0x00000000
core   3: 0x80000038 (0x00052023) sw      x0, 0(x10)
core   3: 3 0x80000038 (0x00052023) mem 0x8001826c 0x00000000
core   0: 0x8000003c (0x00450513) addi    x10, x10, 4
core   0: 3 0x8000003c (0x00450513) x10 0x80018270
core   1: 0x8000003c (0x00450513) addi    x10, x10, 4
core   1: 3 0x8000003c (0x00450513) x10 0x80018270
core   2: 0x8000003c (0x00450513) addi    x10, x10, 4
core   2: 3 0x8000003c (0x00450513) x10 0x80018270
core   3: 0x8000003c (0x00450513) addi    x10, x10, 4
core   3: 3 0x8000003c (0x00450513) x10 0x80018270
core   0: 0x80000040 (0xfec56ce3) bltu    x10, x12, pc - 8
core   0: 3 0x80000040 (0xfec56ce3)
core   1: 0x80000040 (0xfec56ce3) bltu    x10, x12, pc - 8
core   1: 3 0x80000040 (0xfec56ce3)
core   2: 0x80000040 (0xfec56ce3) bltu    x10, x12, pc - 8
core   2: 3 0x80000040 (0xfec56ce3)
core   3: 0x80000040 (0xfec56ce3) bltu    x10, x12, pc - 8
core   3: 3 0x80000040 (0xfec56ce3)
core   0: 0x80000038 (0x00052023) sw      x0, 0(x10)
core   0: 3 0x80000038 (0x00052023) mem 0x80018270 0x00000000
core   1: 0x80000038 (0x00052023) sw      x0, 0(x10)
core   1: 3 0x80000038 (0x00052023) mem 0x80018270 0x00000000
core   2: 0x80000038 (0x00052023) sw      x0, 0(x10)
core   2: 3 0x80000038 (0x00052023) mem 0x80018270 0x00000000
core   3: 0x80000038 (0x00052023) sw      x0, 0(x10)
core   3: 3 0x80000038 (0x00052023) mem 0x80018270 0x00000000
core   0: 0x8000003c (0x00450513) addi    x10, x10, 4
core   0: 3 0x8000003c (0x00450513) x10 0x80018274
core   1: 0x8000003c (0x00450513) addi    x10, x10, 4
core   1: 3 0x8000003c (0x00450513) x10 0x80018274
core   2: 0x8000003c (0x00450513) addi    x10, x10, 4
core   2: 3 0x8000003c (0x00450513) x10 0x80018274
core   3: 0x8000003c (0x00450513) addi    x10, x10, 4
core   3: 3 0x8000003c (0x00450513) x10 0x80018274
core   0: 0x80000040 (0xfec56ce3) bltu    x10, x12, pc - 8
core   0: 3 0x80000040 (0xfec56ce3)
core   1: 0x80000040 (0xfec56ce3) bltu    x10, x12, pc - 8
core   1: 3 0x80000040 (0xfec56ce3)
core   2: 0x80000040 (0xfec56ce3) bltu    x10, x12, pc - 8
core   2: 3 0x80000040 (0xfec56ce3)
core   3: 0x80000040 (0xfec56ce3) bltu    x10, x12, pc - 8
core   3: 3 0x80000040 (0xfec56ce3)
core   0: 0x80000038 (0x00052023) sw      x0, 0(x10)
core   0: 3 0x80000038 (0x00052023) mem 0x80018274 0x00000000
core   1: 0x80000038 (0x00052023) sw      x0, 0(x10)
core   1: 3 0x80000038 (0x00052023) mem 0x80018274 0x00000000
core   2: 0x80000038 (0x00052023) sw      x0, 0(x10)
core   2: 3 0x80000038 (0x00052023) mem 0x80018274 0x00000000
core   3: 0x80000038 (0x00052023) sw      x0, 0(x10)
core   3: 3 0x80000038 (0x00052023) mem 0x80018274 0x00000000
core   0: 0x8000003c (0x00450513) addi    x10, x10, 4
core   0: 3 0x8000003c (0x00450513) x10 0x80018278
core   1: 0x8000003c (0x00450513) addi    x10, x10, 4
core   1: 3 0x8000003c (0x00450513) x10 0x80018278
core   2: 0x8000003c (0x00450513) addi    x10, x10, 4
core   2: 3 0x8000003c (0x00450513) x10 0x80018278
core   3: 0x8000003c (0x00450513) addi    x10, x10, 4
core   3: 3 0x8000003c (0x00450513) x10 0x80018278
core   0: 0x80000040 (0xfec56ce3) bltu    x10, x12, pc - 8
core   0: 3 0x80000040 (0xfec56ce3)
core   1: 0x80000040 (0xfec56ce3) bltu    x10, x12, pc - 8
core   1: 3 0x80000040 (0xfec56ce3)
core   2: 0x80000040 (0xfec56ce3) bltu    x10, x12, pc - 8
core   2: 3 0x80000040 (0xfec56ce3)
core   3: 0x80000040 (0xfec56ce3) bltu    x10, x12, pc - 8
core   3: 3 0x80000040 (0xfec56ce3)
core   0: 0x80000038 (0x00052023) sw      x0, 0(x10)
core   0: 3 0x80000038 (0x00052023) mem 0x80018278 0x00000000
core   1: 0x80000038 (0x00052023) sw      x0, 0(x10)
core   1: 3 0x80000038 (0x00052023) mem 0x80018278 0x00000000
core   2: 0x80000038 (0x00052023) sw      x0, 0(x10)
core   2: 3 0x80000038 (0x00052023) mem 0x80018278 0x00000000
core   3: 0x80000038 (0x00052023) sw      x0, 0(x10)
core   3: 3 0x80000038 (0x00052023) mem 0x80018278 0x00000000
core   0: 0x8000003c (0x00450513) addi    x10, x10, 4
core   0: 3 0x8000003c (0x00450513) x10 0x8001827c
core   1: 0x8000003c (0x00450513) addi    x10, x10, 4
core   1: 3 0x8000003c (0x00450513) x10 0x8001827c
core   2: 0x8000003c (0x00450513) addi    x10, x10, 4
core   2: 3 0x8000003c (0x00450513) x10 0x8001827c
core   3: 0x8000003c (0x00450513) addi    x10, x10, 4
core   3: 3 0x8000003c (0x00450513) x10 0x8001827c
core   0: 0x80000040 (0xfec56ce3) bltu    x10, x12, pc - 8
core   0: 3 0x80000040 (0xfec56ce3)
core   1: 0x80000040 (0xfec56ce3) bltu    x10, x12, pc - 8
core   1: 3 0x80000040 (0xfec56ce3)
core   2: 0x80000040 (0xfec56ce3) bltu    x10, x12, pc - 8
core   2: 3 0x80000040 (0xfec56ce3)
core   3: 0x80000040 (0xfec56ce3) bltu    x10, x12, pc - 8
core   3: 3 0x80000040 (0xfec56ce3)
core   0: 0x80000038 (0x00052023) sw      x0, 0(x10)
core   0: 3 0x80000038 (0x00052023) mem 0x8001827c 0x00000000
core   1: 0x80000038 (0x00052023) sw      x0, 0(x10)
core   1: 3 0x80000038 (0x00052023) mem 0x8001827c 0x00000000
core   2: 0x80000038 (0x00052023) sw      x0, 0(x10)
core   2: 3 0x80000038 (0x00052023) mem 0x8001827c 0x00000000
core   3: 0x80000038 (0x00052023) sw      x0, 0(x10)
core   3: 3 0x80000038 (0x00052023) mem 0x8001827c 0x00000000
core   0: 0x8000003c (0x00450513) addi    x10, x10, 4
core   0: 3 0x8000003c (0x00450513) x10 0x80018280
core   1: 0x8000003c (0x00450513) addi    x10, x10, 4
core   1: 3 0x8000003c (0x00450513) x10 0x80018280
core   2: 0x8000003c (0x00450513) addi    x10, x10, 4
core   2: 3 0x8000003c (0x00450513) x10 0x80018280
core   3: 0x8000003c (0x00450513) addi    x10, x10, 4
core   3: 3 0x8000003c (0x00450513) x10 0x80018280
core   0: 0x80000040 (0xfec56ce3) bltu    x10, x12, pc - 8
core   0: 3 0x80000040 (0xfec56ce3)
core   1: 0x80000040 (0xfec56ce3) bltu    x10, x12, pc - 8
core   1: 3 0x80000040 (0xfec56ce3)
core   2: 0x80000040 (0xfec56ce3) bltu    x10, x12, pc - 8
core   2: 3 0x80000040 (0xfec56ce3)
core   3: 0x80000040 (0xfec56ce3) bltu    x10, x12, pc - 8
core   3: 3 0x80000040 (0xfec56ce3)
core   0: 0x80000038 (0x00052023) sw      x0, 0(x10)
core   0: 3 0x80000038 (0x00052023) mem 0x80018280 0x00000000
core   1: 0x80000038 (0x00052023) sw      x0, 0(x10)
core   1: 3 0x80000038 (0x00052023) mem 0x80018280 0x00000000
core   2: 0x80000038 (0x00052023) sw      x0, 0(x10)
core   2: 3 0x80000038 (0x00052023) mem 0x80018280 0x00000000
core   3: 0x80000038 (0x00052023) sw      x0, 0(x10)
core   3: 3 0x80000038 (0x00052023) mem 0x80018280 0x00000000
core   0: 0x8000003c (0x00450513) addi    x10, x10, 4
core   0: 3 0x8000003c (0x00450513) x10 0x80018284
core   1: 0x8000003c (0x00450513) addi    x10, x10, 4
core   1: 3 0x8000003c (0x00450513) x10 0x80018284
core   2: 0x8000003c (0x00450513) addi    x10, x10, 4
core   2: 3 0x8000003c (0x00450513) x10 0x80018284
core   3: 0x8000003c (0x00450513) addi    x10, x10, 4
core   3: 3 0x8000003c (0x00450513) x10 0x80018284
core   0: 0x80000040 (0xfec56ce3) bltu    x10, x12, pc - 8
core   0: 3 0x80000040 (0xfec56ce3)
core   1: 0x80000040 (0xfec56ce3) bltu    x10, x12, pc - 8
core   1: 3 0x80000040 (0xfec56ce3)
core   2: 0x80000040 (0xfec56ce3) bltu    x10, x12, pc - 8
core   2: 3 0x80000040 (0xfec56ce3)
core   3: 0x80000040 (0xfec56ce3) bltu    x10, x12, pc - 8
core   3: 3 0x80000040 (0xfec56ce3)
core   0: 0x80000044 (0x803022f3) csrr    x5, knl
core   0: 3 0x80000044 (0x803022f3) x5  0xa0022000
core   1: 0x80000044 (0x803022f3) csrr    x5, knl
core   1: 3 0x80000044 (0x803022f3) x5  0xa0022000
core   2: 0x80000044 (0x803022f3) csrr    x5, knl
core   2: 3 0x80000044 (0x803022f3) x5  0xa0022000
core   3: 0x80000044 (0x803022f3) csrr    x5, knl
core   3: 3 0x80000044 (0x803022f3) x5  0xa0022000
core   0: 0x80000048 (0x0002a303) lw      x6, 0(x5)
core   0: 3 0x80000048 (0x0002a303) x6  0x80000098 mem 0xa0022000
core   1: 0x80000048 (0x0002a303) lw      x6, 0(x5)
core   1: 3 0x80000048 (0x0002a303) x6  0x80000098 mem 0xa0022000
core   2: 0x80000048 (0x0002a303) lw      x6, 0(x5)
core   2: 3 0x80000048 (0x0002a303) x6  0x80000098 mem 0xa0022000
core   3: 0x80000048 (0x0002a303) lw      x6, 0(x5)
core   3: 3 0x80000048 (0x0002a303) x6  0x80000098 mem 0xa0022000
core   0: 0x8000004c (0x0042a503) lw      x10, 4(x5)
core   0: 3 0x8000004c (0x0042a503) x10 0xa0023000 mem 0xa0022004
core   1: 0x8000004c (0x0042a503) lw      x10, 4(x5)
core   1: 3 0x8000004c (0x0042a503) x10 0xa0023000 mem 0xa0022004
core   2: 0x8000004c (0x0042a503) lw      x10, 4(x5)
core   2: 3 0x8000004c (0x0042a503) x10 0xa0023000 mem 0xa0022004
core   3: 0x8000004c (0x0042a503) lw      x10, 4(x5)
core   3: 3 0x8000004c (0x0042a503) x10 0xa0023000 mem 0xa0022004
core   0: 0x80000050 (0x0302a383) lw      x7, 48(x5)
core   0: 3 0x80000050 (0x0302a383) x7  0xa0024000 mem 0xa0022030
core   1: 0x80000050 (0x0302a383) lw      x7, 48(x5)
core   1: 3 0x80000050 (0x0302a383) x7  0xa0024000 mem 0xa0022030
core   2: 0x80000050 (0x0302a383) lw      x7, 48(x5)
core   2: 3 0x80000050 (0x0302a383) x7  0xa0024000 mem 0xa0022030
core   3: 0x80000050 (0x0302a383) lw      x7, 48(x5)
core   3: 3 0x80000050 (0x0302a383) x7  0xa0024000 mem 0xa0022030
core   0: 0x80000054 (0x0342ae03) lw      x28, 52(x5)
core   0: 3 0x80000054 (0x0342ae03) x28 0x10000000 mem 0xa0022034
core   1: 0x80000054 (0x0342ae03) lw      x28, 52(x5)
core   1: 3 0x80000054 (0x0342ae03) x28 0x10000000 mem 0xa0022034
core   2: 0x80000054 (0x0342ae03) lw      x28, 52(x5)
core   2: 3 0x80000054 (0x0342ae03) x28 0x10000000 mem 0xa0022034
core   3: 0x80000054 (0x0342ae03) lw      x28, 52(x5)
core   3: 3 0x80000054 (0x0342ae03) x28 0x10000000 mem 0xa0022034
core   0: 0x80000058 (0x00012e97) auipc   x29, 0x12
core   0: 3 0x80000058 (0x00012e97) x29 0x80012058
core   1: 0x80000058 (0x00012e97) auipc   x29, 0x12
core   1: 3 0x80000058 (0x00012e97) x29 0x80012058
core   2: 0x80000058 (0x00012e97) auipc   x29, 0x12
core   2: 3 0x80000058 (0x00012e97) x29 0x80012058
core   3: 0x80000058 (0x00012e97) auipc   x29, 0x12
core   3: 3 0x80000058 (0x00012e97) x29 0x80012058
core   0: 0x8000005c (0xfa8e8e93) addi    x29, x29, -88
core   0: 3 0x8000005c (0xfa8e8e93) x29 0x80012000
core   1: 0x8000005c (0xfa8e8e93) addi    x29, x29, -88
core   1: 3 0x8000005c (0xfa8e8e93) x29 0x80012000
core   2: 0x8000005c (0xfa8e8e93) addi    x29, x29, -88
core   2: 3 0x8000005c (0xfa8e8e93) x29 0x80012000
core   3: 0x8000005c (0xfa8e8e93) addi    x29, x29, -88
core   3: 3 0x8000005c (0xfa8e8e93) x29 0x80012000
core   0: 0x80000060 (0x00012f17) auipc   x30, 0x12
core   0: 3 0x80000060 (0x00012f17) x30 0x80012060
core   1: 0x80000060 (0x00012f17) auipc   x30, 0x12
core   1: 3 0x80000060 (0x00012f17) x30 0x80012060
core   2: 0x80000060 (0x00012f17) auipc   x30, 0x12
core   2: 3 0x80000060 (0x00012f17) x30 0x80012060
core   3: 0x80000060 (0x00012f17) auipc   x30, 0x12
core   3: 3 0x80000060 (0x00012f17) x30 0x80012060
core   0: 0x80000064 (0xfa4f0f13) addi    x30, x30, -92
core   0: 3 0x80000064 (0xfa4f0f13) x30 0x80012004
core   1: 0x80000064 (0xfa4f0f13) addi    x30, x30, -92
core   1: 3 0x80000064 (0xfa4f0f13) x30 0x80012004
core   2: 0x80000064 (0xfa4f0f13) addi    x30, x30, -92
core   2: 3 0x80000064 (0xfa4f0f13) x30 0x80012004
core   3: 0x80000064 (0xfa4f0f13) addi    x30, x30, -92
core   3: 3 0x80000064 (0xfa4f0f13) x30 0x80012004
core   0: 0x80000068 (0x007ea023) sw      x7, 0(x29)
core   0: 3 0x80000068 (0x007ea023) mem 0x80012000 0xa0024000
core   1: 0x80000068 (0x007ea023) sw      x7, 0(x29)
core   1: 3 0x80000068 (0x007ea023) mem 0x80012000 0xa0024000
core   2: 0x80000068 (0x007ea023) sw      x7, 0(x29)
core   2: 3 0x80000068 (0x007ea023) mem 0x80012000 0xa0024000
core   3: 0x80000068 (0x007ea023) sw      x7, 0(x29)
core   3: 3 0x80000068 (0x007ea023) mem 0x80012000 0xa0024000
core   0: 0x8000006c (0x01cf2023) sw      x28, 0(x30)
core   0: 3 0x8000006c (0x01cf2023) mem 0x80012004 0x10000000
core   1: 0x8000006c (0x01cf2023) sw      x28, 0(x30)
core   1: 3 0x8000006c (0x01cf2023) mem 0x80012004 0x10000000
core   2: 0x8000006c (0x01cf2023) sw      x28, 0(x30)
core   2: 3 0x8000006c (0x01cf2023) mem 0x80012004 0x10000000
core   3: 0x8000006c (0x01cf2023) sw      x28, 0(x30)
core   3: 3 0x8000006c (0x01cf2023) mem 0x80012004 0x10000000
core   0: 0x80000070 (0x00000f97) auipc   x31, 0x0
core   0: 3 0x80000070 (0x00000f97) x31 0x80000070
core   1: 0x80000070 (0x00000f97) auipc   x31, 0x0
core   1: 3 0x80000070 (0x00000f97) x31 0x80000070
core   2: 0x80000070 (0x00000f97) auipc   x31, 0x0
core   2: 3 0x80000070 (0x00000f97) x31 0x80000070
core   3: 0x80000070 (0x00000f97) auipc   x31, 0x0
core   3: 3 0x80000070 (0x00000f97) x31 0x80000070
core   0: 0x80000074 (0x018f8f93) addi    x31, x31, 24
core   0: 3 0x80000074 (0x018f8f93) x31 0x80000088
core   1: 0x80000074 (0x018f8f93) addi    x31, x31, 24
core   1: 3 0x80000074 (0x018f8f93) x31 0x80000088
core   2: 0x80000074 (0x018f8f93) addi    x31, x31, 24
core   2: 3 0x80000074 (0x018f8f93) x31 0x80000088
core   3: 0x80000074 (0x018f8f93) addi    x31, x31, 24
core   3: 3 0x80000074 (0x018f8f93) x31 0x80000088
core   0: 0x80000078 (0x305f9073) csrw    mtvec, x31
core   0: 3 0x80000078 (0x305f9073) c773_mtvec 0x80000088
core   1: 0x80000078 (0x305f9073) csrw    mtvec, x31
core   1: 3 0x80000078 (0x305f9073) c773_mtvec 0x80000088
core   2: 0x80000078 (0x305f9073) csrw    mtvec, x31
core   2: 3 0x80000078 (0x305f9073) c773_mtvec 0x80000088
core   3: 0x80000078 (0x305f9073) csrw    mtvec, x31
core   3: 3 0x80000078 (0x305f9073) c773_mtvec 0x80000088
core   0: 0x8000007c (0x000300e7) jalr    x6
core   0: 3 0x8000007c (0x000300e7) x1  0x80000080
core   1: 0x8000007c (0x000300e7) jalr    x6
core   1: 3 0x8000007c (0x000300e7) x1  0x80000080
core   2: 0x8000007c (0x000300e7) jalr    x6
core   2: 3 0x8000007c (0x000300e7) x1  0x80000080
core   3: 0x8000007c (0x000300e7) jalr    x6
core   3: 3 0x8000007c (0x000300e7) x1  0x80000080
core   0: 0x80000098 (0x00c10113) addi    x2, x2, 12
core   0: 3 0x80000098 (0x00c10113) x2  0x7000000c
core   1: 0x80000098 (0x00c10113) addi    x2, x2, 12
core   1: 3 0x80000098 (0x00c10113) x2  0x7000000c
core   2: 0x80000098 (0x00c10113) addi    x2, x2, 12
core   2: 3 0x80000098 (0x00c10113) x2  0x7000100c
core   3: 0x80000098 (0x00c10113) addi    x2, x2, 12
core   3: 3 0x80000098 (0x00c10113) x2  0x7000100c
core   0: 0x8000009c (0xfe112a23) sw      x1, -12(x2)
core   0: 3 0x8000009c (0xfe112a23) mem 0x70000000 0x80000080
core   1: 0x8000009c (0xfe112a23) sw      x1, -12(x2)
core   1: 3 0x8000009c (0xfe112a23) mem 0x70000000 0x80000080
core   2: 0x8000009c (0xfe112a23) sw      x1, -12(x2)
core   2: 3 0x8000009c (0xfe112a23) mem 0x70001000 0x80000080
core   3: 0x8000009c (0xfe112a23) sw      x1, -12(x2)
core   3: 3 0x8000009c (0xfe112a23) mem 0x70001000 0x80000080
core   0: 0x800000a0 (0x00052283) lw      x5, 0(x10)
core   0: 3 0x800000a0 (0x00052283) x5  0xa0020000 mem 0xa0023000
core   1: 0x800000a0 (0x00052283) lw      x5, 0(x10)
core   1: 3 0x800000a0 (0x00052283) x5  0xa0020000 mem 0xa0023000
core   2: 0x800000a0 (0x00052283) lw      x5, 0(x10)
core   2: 3 0x800000a0 (0x00052283) x5  0xa0020000 mem 0xa0023000
core   3: 0x800000a0 (0x00052283) lw      x5, 0(x10)
core   3: 3 0x800000a0 (0x00052283) x5  0xa0020000 mem 0xa0023000
core   0: 0x800000a4 (0xfe512c23) sw      x5, -8(x2)
core   0: 3 0x800000a4 (0xfe512c23) mem 0x70000004 0xa0020000
core   1: 0x800000a4 (0xfe512c23) sw      x5, -8(x2)
core   1: 3 0x800000a4 (0xfe512c23) mem 0x70000004 0xa0020000
core   2: 0x800000a4 (0xfe512c23) sw      x5, -8(x2)
core   2: 3 0x800000a4 (0xfe512c23) mem 0x70001004 0xa0020000
core   3: 0x800000a4 (0xfe512c23) sw      x5, -8(x2)
core   3: 3 0x800000a4 (0xfe512c23) mem 0x70001004 0xa0020000
core   0: 0x800000a8 (0x00452283) lw      x5, 4(x10)
core   0: 3 0x800000a8 (0x00452283) x5  0xa0021000 mem 0xa0023004
core   1: 0x800000a8 (0x00452283) lw      x5, 4(x10)
core   1: 3 0x800000a8 (0x00452283) x5  0xa0021000 mem 0xa0023004
core   2: 0x800000a8 (0x00452283) lw      x5, 4(x10)
core   2: 3 0x800000a8 (0x00452283) x5  0xa0021000 mem 0xa0023004
core   3: 0x800000a8 (0x00452283) lw      x5, 4(x10)
core   3: 3 0x800000a8 (0x00452283) x5  0xa0021000 mem 0xa0023004
core   0: 0x800000ac (0xfe512e23) sw      x5, -4(x2)
core   0: 3 0x800000ac (0xfe512e23) mem 0x70000008 0xa0021000
core   1: 0x800000ac (0xfe512e23) sw      x5, -4(x2)
core   1: 3 0x800000ac (0xfe512e23) mem 0x70000008 0xa0021000
core   2: 0x800000ac (0xfe512e23) sw      x5, -4(x2)
core   2: 3 0x800000ac (0xfe512e23) mem 0x70001008 0xa0021000
core   3: 0x800000ac (0xfe512e23) sw      x5, -4(x2)
core   3: 3 0x800000ac (0xfe512e23) mem 0x70001008 0xa0021000
core   0: 0x800000b0 (0x42006057) vmv.s.x v0, x0
core   0: 3 0x800000b0 (0x42006057) c8_vstart 0x00000000 e32 m1 l8 v0  0x0000000000000000000000000000000000000000000000000000000000000000
core   1: 0x800000b0 (0x42006057) vmv.s.x v0, x0
core   1: 3 0x800000b0 (0x42006057) c8_vstart 0x00000000 e32 m1 l8 v0  0x0000000000000000000000000000000000000000000000000000000000000000
core   2: 0x800000b0 (0x42006057) vmv.s.x v0, x0
core   2: 3 0x800000b0 (0x42006057) c8_vstart 0x00000000 e32 m1 l8 v0  0x0000000000000000000000000000000000000000000000000000000000000000
core   3: 0x800000b0 (0x42006057) vmv.s.x v0, x0
core   3: 3 0x800000b0 (0x42006057) c8_vstart 0x00000000 e32 m1 l8 v0  0x0000000000000000000000000000000000000000000000000000000000000000
core   0: 0x800000b4 (0x3d1020ef) jal     pc + 0x2bd0
core   0: 3 0x800000b4 (0x3d1020ef) x1  0x800000b8
core   1: 0x800000b4 (0x3d1020ef) jal     pc + 0x2bd0
core   1: 3 0x800000b4 (0x3d1020ef) x1  0x800000b8
core   2: 0x800000b4 (0x3d1020ef) jal     pc + 0x2bd0
core   2: 3 0x800000b4 (0x3d1020ef) x1  0x800000b8
core   3: 0x800000b4 (0x3d1020ef) jal     pc + 0x2bd0
core   3: 3 0x800000b4 (0x3d1020ef) x1  0x800000b8
core   0: 0x80002c84 (0x00410113) addi    x2, x2, 4
core   0: 3 0x80002c84 (0x00410113) x2  0x70000010
core   1: 0x80002c84 (0x00410113) addi    x2, x2, 4
core   1: 3 0x80002c84 (0x00410113) x2  0x70000010
core   2: 0x80002c84 (0x00410113) addi    x2, x2, 4
core   2: 3 0x80002c84 (0x00410113) x2  0x70001010
core   3: 0x80002c84 (0x00410113) addi    x2, x2, 4
core   3: 3 0x80002c84 (0x00410113) x2  0x70001010
core   0: 0x80002c88 (0xfe112e23) sw      x1, -4(x2)
core   0: 3 0x80002c88 (0xfe112e23) mem 0x7000000c 0x800000b8
core   1: 0x80002c88 (0xfe112e23) sw      x1, -4(x2)
core   1: 3 0x80002c88 (0xfe112e23) mem 0x7000000c 0x800000b8
core   2: 0x80002c88 (0xfe112e23) sw      x1, -4(x2)
core   2: 3 0x80002c88 (0xfe112e23) mem 0x7000100c 0x800000b8
core   3: 0x80002c88 (0xfe112e23) sw      x1, -4(x2)
core   3: 3 0x80002c88 (0xfe112e23) mem 0x7000100c 0x800000b8
core   0: 0x80002c8c (0x00200293) li      x5, 2
core   0: 3 0x80002c8c (0x00200293) x5  0x00000002
core   1: 0x80002c8c (0x00200293) li      x5, 2
core   1: 3 0x80002c8c (0x00200293) x5  0x00000002
core   2: 0x80002c8c (0x00200293) li      x5, 2
core   2: 3 0x80002c8c (0x00200293) x5  0x00000002
core   3: 0x80002c8c (0x00200293) li      x5, 2
core   3: 3 0x80002c8c (0x00200293) x5  0x00000002
core   0: 0x80002c90 (0x5e02c0d7) vmv.v.x v1, x5
core   0: 3 0x80002c90 (0x5e02c0d7) c8_vstart 0x00000000 e32 m1 l8 v1  0x0000000200000002000000020000000200000002000000020000000200000002
core   1: 0x80002c90 (0x5e02c0d7) vmv.v.x v1, x5
core   1: 3 0x80002c90 (0x5e02c0d7) c8_vstart 0x00000000 e32 m1 l8 v1  0x0000000200000002000000020000000200000002000000020000000200000002
core   2: 0x80002c90 (0x5e02c0d7) vmv.v.x v1, x5
core   2: 3 0x80002c90 (0x5e02c0d7) c8_vstart 0x00000000 e32 m1 l8 v1  0x0000000200000002000000020000000200000002000000020000000200000002
core   3: 0x80002c90 (0x5e02c0d7) vmv.v.x v1, x5
core   3: 3 0x80002c90 (0x5e02c0d7) c8_vstart 0x00000000 e32 m1 l8 v1  0x0000000200000002000000020000000200000002000000020000000200000002
core   0: 0x80002c94 (0x00000317) auipc   x6, 0x0
core   0: 3 0x80002c94 (0x00000317) x6  0x80002c94
core   1: 0x80002c94 (0x00000317) auipc   x6, 0x0
core   1: 3 0x80002c94 (0x00000317) x6  0x80002c94
core   2: 0x80002c94 (0x00000317) auipc   x6, 0x0
core   2: 3 0x80002c94 (0x00000317) x6  0x80002c94
core   3: 0x80002c94 (0x00000317) auipc   x6, 0x0
core   3: 3 0x80002c94 (0x00000317) x6  0x80002c94
core   0: 0x80002c98 (0x04c3305b) setrpc  x0, x6, 76
core   0: 3 0x80002c98 (0x04c3305b) c2060_rpc 0x80002ce0
current mask:	000000ff
current npc:	00000000
stack size: 0

core   1: 0x80002c98 (0x04c3305b) setrpc  x0, x6, 76
core   1: 3 0x80002c98 (0x04c3305b) c2060_rpc 0x80002ce0
current mask:	000000ff
current npc:	00000000
stack size: 0

core   2: 0x80002c98 (0x04c3305b) setrpc  x0, x6, 76
core   2: 3 0x80002c98 (0x04c3305b) c2060_rpc 0x80002ce0
current mask:	000000ff
current npc:	00000000
stack size: 0

core   3: 0x80002c98 (0x04c3305b) setrpc  x0, x6, 76
core   3: 3 0x80002c98 (0x04c3305b) c2060_rpc 0x80002ce0
current mask:	000000ff
current npc:	00000000
stack size: 0

core   0: 0x80002c9c (0x0200885b) vbeq    v0, v1, pc + 48
core   0: 3 0x80002c9c (0x0200885b) c8_vstart 0x00000000 e32 m1 l8
current mask:	000000ff
current npc:	80002ca0
stack size: 0

core   1: 0x80002c9c (0x0200885b) vbeq    v0, v1, pc + 48
core   1: 3 0x80002c9c (0x0200885b) c8_vstart 0x00000000 e32 m1 l8
current mask:	000000ff
current npc:	80002ca0
stack size: 0

core   2: 0x80002c9c (0x0200885b) vbeq    v0, v1, pc + 48
core   2: 3 0x80002c9c (0x0200885b) c8_vstart 0x00000000 e32 m1 l8
current mask:	000000ff
current npc:	80002ca0
stack size: 0

core   3: 0x80002c9c (0x0200885b) vbeq    v0, v1, pc + 48
core   3: 3 0x80002c9c (0x0200885b) c8_vstart 0x00000000 e32 m1 l8
current mask:	000000ff
current npc:	80002ca0
stack size: 0

core   0: 0x80002ca0 (0x00100293) li      x5, 1
core   0: 3 0x80002ca0 (0x00100293) x5  0x00000001
core   1: 0x80002ca0 (0x00100293) li      x5, 1
core   1: 3 0x80002ca0 (0x00100293) x5  0x00000001
core   2: 0x80002ca0 (0x00100293) li      x5, 1
core   2: 3 0x80002ca0 (0x00100293) x5  0x00000001
core   3: 0x80002ca0 (0x00100293) li      x5, 1
core   3: 3 0x80002ca0 (0x00100293) x5  0x00000001
core   0: 0x80002ca4 (0x5e02c0d7) vmv.v.x v1, x5
core   0: 3 0x80002ca4 (0x5e02c0d7) c8_vstart 0x00000000 e32 m1 l8 v1  0x0000000100000001000000010000000100000001000000010000000100000001
core   1: 0x80002ca4 (0x5e02c0d7) vmv.v.x v1, x5
core   1: 3 0x80002ca4 (0x5e02c0d7) c8_vstart 0x00000000 e32 m1 l8 v1  0x0000000100000001000000010000000100000001000000010000000100000001
core   2: 0x80002ca4 (0x5e02c0d7) vmv.v.x v1, x5
core   2: 3 0x80002ca4 (0x5e02c0d7) c8_vstart 0x00000000 e32 m1 l8 v1  0x0000000100000001000000010000000100000001000000010000000100000001
core   3: 0x80002ca4 (0x5e02c0d7) vmv.v.x v1, x5
core   3: 3 0x80002ca4 (0x5e02c0d7) c8_vstart 0x00000000 e32 m1 l8 v1  0x0000000100000001000000010000000100000001000000010000000100000001
core   0: 0x80002ca8 (0x00000317) auipc   x6, 0x0
core   0: 3 0x80002ca8 (0x00000317) x6  0x80002ca8
core   1: 0x80002ca8 (0x00000317) auipc   x6, 0x0
core   1: 3 0x80002ca8 (0x00000317) x6  0x80002ca8
core   2: 0x80002ca8 (0x00000317) auipc   x6, 0x0
core   2: 3 0x80002ca8 (0x00000317) x6  0x80002ca8
core   3: 0x80002ca8 (0x00000317) auipc   x6, 0x0
core   3: 3 0x80002ca8 (0x00000317) x6  0x80002ca8
core   0: 0x80002cac (0x0383305b) setrpc  x0, x6, 56
core   0: 3 0x80002cac (0x0383305b) c2060_rpc 0x80002ce0
current mask:	000000ff
current npc:	80002ca0
stack size: 0

core   1: 0x80002cac (0x0383305b) setrpc  x0, x6, 56
core   1: 3 0x80002cac (0x0383305b) c2060_rpc 0x80002ce0
current mask:	000000ff
current npc:	80002ca0
stack size: 0

core   2: 0x80002cac (0x0383305b) setrpc  x0, x6, 56
core   2: 3 0x80002cac (0x0383305b) c2060_rpc 0x80002ce0
current mask:	000000ff
current npc:	80002ca0
stack size: 0

core   3: 0x80002cac (0x0383305b) setrpc  x0, x6, 56
core   3: 3 0x80002cac (0x0383305b) c2060_rpc 0x80002ce0
current mask:	000000ff
current npc:	80002ca0
stack size: 0

core   0: 0x80002cb0 (0x0200825b) vbeq    v0, v1, pc + 36
core   0: 3 0x80002cb0 (0x0200825b) c8_vstart 0x00000000 e32 m1 l8
current mask:	000000ff
current npc:	80002cb4
stack size: 0

core   1: 0x80002cb0 (0x0200825b) vbeq    v0, v1, pc + 36
core   1: 3 0x80002cb0 (0x0200825b) c8_vstart 0x00000000 e32 m1 l8
current mask:	000000ff
current npc:	80002cb4
stack size: 0

core   2: 0x80002cb0 (0x0200825b) vbeq    v0, v1, pc + 36
core   2: 3 0x80002cb0 (0x0200825b) c8_vstart 0x00000000 e32 m1 l8
current mask:	000000ff
current npc:	80002cb4
stack size: 0

core   3: 0x80002cb0 (0x0200825b) vbeq    v0, v1, pc + 36
core   3: 3 0x80002cb0 (0x0200825b) c8_vstart 0x00000000 e32 m1 l8
current mask:	000000ff
current npc:	80002cb4
stack size: 0

core   0: 0x80002cb4 (0x5e0040d7) vmv.v.x v1, x0
core   0: 3 0x80002cb4 (0x5e0040d7) c8_vstart 0x00000000 e32 m1 l8 v1  0x0000000000000000000000000000000000000000000000000000000000000000
core   1: 0x80002cb4 (0x5e0040d7) vmv.v.x v1, x0
core   1: 3 0x80002cb4 (0x5e0040d7) c8_vstart 0x00000000 e32 m1 l8 v1  0x0000000000000000000000000000000000000000000000000000000000000000
core   2: 0x80002cb4 (0x5e0040d7) vmv.v.x v1, x0
core   2: 3 0x80002cb4 (0x5e0040d7) c8_vstart 0x00000000 e32 m1 l8 v1  0x0000000000000000000000000000000000000000000000000000000000000000
core   3: 0x80002cb4 (0x5e0040d7) vmv.v.x v1, x0
core   3: 3 0x80002cb4 (0x5e0040d7) c8_vstart 0x00000000 e32 m1 l8 v1  0x0000000000000000000000000000000000000000000000000000000000000000
core   0: 0x80002cb8 (0x00000317) auipc   x6, 0x0
core   0: 3 0x80002cb8 (0x00000317) x6  0x80002cb8
core   1: 0x80002cb8 (0x00000317) auipc   x6, 0x0
core   1: 3 0x80002cb8 (0x00000317) x6  0x80002cb8
core   2: 0x80002cb8 (0x00000317) auipc   x6, 0x0
core   2: 3 0x80002cb8 (0x00000317) x6  0x80002cb8
core   3: 0x80002cb8 (0x00000317) auipc   x6, 0x0
core   3: 3 0x80002cb8 (0x00000317) x6  0x80002cb8
core   0: 0x80002cbc (0x0283305b) setrpc  x0, x6, 40
core   0: 3 0x80002cbc (0x0283305b) c2060_rpc 0x80002ce0
current mask:	000000ff
current npc:	80002cb4
stack size: 0

core   1: 0x80002cbc (0x0283305b) setrpc  x0, x6, 40
core   1: 3 0x80002cbc (0x0283305b) c2060_rpc 0x80002ce0
current mask:	000000ff
current npc:	80002cb4
stack size: 0

core   2: 0x80002cbc (0x0283305b) setrpc  x0, x6, 40
core   2: 3 0x80002cbc (0x0283305b) c2060_rpc 0x80002ce0
current mask:	000000ff
current npc:	80002cb4
stack size: 0

core   3: 0x80002cbc (0x0283305b) setrpc  x0, x6, 40
core   3: 3 0x80002cbc (0x0283305b) c2060_rpc 0x80002ce0
current mask:	000000ff
current npc:	80002cb4
stack size: 0

core   0: 0x80002cc0 (0x00009e5b) vbne    v0, v1, pc + 28
core   0: 3 0x80002cc0 (0x00009e5b) c8_vstart 0x00000000 e32 m1 l8
current mask:	000000ff
current npc:	80002cc4
stack size: 0

core   1: 0x80002cc0 (0x00009e5b) vbne    v0, v1, pc + 28
core   1: 3 0x80002cc0 (0x00009e5b) c8_vstart 0x00000000 e32 m1 l8
current mask:	000000ff
current npc:	80002cc4
stack size: 0

core   2: 0x80002cc0 (0x00009e5b) vbne    v0, v1, pc + 28
core   2: 3 0x80002cc0 (0x00009e5b) c8_vstart 0x00000000 e32 m1 l8
current mask:	000000ff
current npc:	80002cc4
stack size: 0

core   3: 0x80002cc0 (0x00009e5b) vbne    v0, v1, pc + 28
core   3: 3 0x80002cc0 (0x00009e5b) c8_vstart 0x00000000 e32 m1 l8
current mask:	000000ff
current npc:	80002cc4
stack size: 0

core   0: 0x80002cc4 (0x168000ef) jal     pc + 0x168
core   0: 3 0x80002cc4 (0x168000ef) x1  0x80002cc8
core   1: 0x80002cc4 (0x168000ef) jal     pc + 0x168
core   1: 3 0x80002cc4 (0x168000ef) x1  0x80002cc8
core   2: 0x80002cc4 (0x168000ef) jal     pc + 0x168
core   2: 3 0x80002cc4 (0x168000ef) x1  0x80002cc8
core   3: 0x80002cc4 (0x168000ef) jal     pc + 0x168
core   3: 3 0x80002cc4 (0x168000ef) x1  0x80002cc8
core   0: 0x80002e2c (0x00410113) addi    x2, x2, 4
core   0: 3 0x80002e2c (0x00410113) x2  0x70000014
core   1: 0x80002e2c (0x00410113) addi    x2, x2, 4
core   1: 3 0x80002e2c (0x00410113) x2  0x70000014
core   2: 0x80002e2c (0x00410113) addi    x2, x2, 4
core   2: 3 0x80002e2c (0x00410113) x2  0x70001014
core   3: 0x80002e2c (0x00410113) addi    x2, x2, 4
core   3: 3 0x80002e2c (0x00410113) x2  0x70001014
core   0: 0x80002e30 (0xfe112e23) sw      x1, -4(x2)
core   0: 3 0x80002e30 (0xfe112e23) mem 0x70000010 0x80002cc8
core   1: 0x80002e30 (0xfe112e23) sw      x1, -4(x2)
core   1: 3 0x80002e30 (0xfe112e23) mem 0x70000010 0x80002cc8
core   2: 0x80002e30 (0xfe112e23) sw      x1, -4(x2)
core   2: 3 0x80002e30 (0xfe112e23) mem 0x70001010 0x80002cc8
core   3: 0x80002e30 (0xfe112e23) sw      x1, -4(x2)
core   3: 3 0x80002e30 (0xfe112e23) mem 0x70001010 0x80002cc8
core   0: 0x80002e34 (0xf71ff0ef) jal     pc - 0x90
core   0: 3 0x80002e34 (0xf71ff0ef) x1  0x80002e38
core   1: 0x80002e34 (0xf71ff0ef) jal     pc - 0x90
core   1: 3 0x80002e34 (0xf71ff0ef) x1  0x80002e38
core   2: 0x80002e34 (0xf71ff0ef) jal     pc - 0x90
core   2: 3 0x80002e34 (0xf71ff0ef) x1  0x80002e38
core   3: 0x80002e34 (0xf71ff0ef) jal     pc - 0x90
core   3: 3 0x80002e34 (0xf71ff0ef) x1  0x80002e38
core   0: 0x80002da4 (0x80302573) csrr    x10, knl
core   0: 3 0x80002da4 (0x80302573) x10 0xa0022000
core   1: 0x80002da4 (0x80302573) csrr    x10, knl
core   1: 3 0x80002da4 (0x80302573) x10 0xa0022000
core   2: 0x80002da4 (0x80302573) csrr    x10, knl
core   2: 3 0x80002da4 (0x80302573) x10 0xa0022000
core   3: 0x80002da4 (0x80302573) csrr    x10, knl
core   3: 3 0x80002da4 (0x80302573) x10 0xa0022000
core   0: 0x80002da8 (0x00852283) lw      x5, 8(x10)
core   0: 3 0x80002da8 (0x00852283) x5  0x00000002 mem 0xa0022008
core   1: 0x80002da8 (0x00852283) lw      x5, 8(x10)
core   1: 3 0x80002da8 (0x00852283) x5  0x00000002 mem 0xa0022008
core   2: 0x80002da8 (0x00852283) lw      x5, 8(x10)
core   2: 3 0x80002da8 (0x00852283) x5  0x00000002 mem 0xa0022008
core   3: 0x80002da8 (0x00852283) lw      x5, 8(x10)
core   3: 3 0x80002da8 (0x00852283) x5  0x00000002 mem 0xa0022008
core   0: 0x80002dac (0x80002373) csrr    x6, tid
core   0: 3 0x80002dac (0x80002373) x6  0x00000000
core   1: 0x80002dac (0x80002373) csrr    x6, tid
core   1: 3 0x80002dac (0x80002373) x6  0x00000008
core   2: 0x80002dac (0x80002373) csrr    x6, tid
core   2: 3 0x80002dac (0x80002373) x6  0x00000000
core   3: 0x80002dac (0x80002373) csrr    x6, tid
core   3: 3 0x80002dac (0x80002373) x6  0x00000008
core   0: 0x80002db0 (0x5208a157) vid.v   v2
core   0: 3 0x80002db0 (0x5208a157) c8_vstart 0x00000000 e32 m1 l8 v2  0x0000000700000006000000050000000400000003000000020000000100000000
core   1: 0x80002db0 (0x5208a157) vid.v   v2
core   1: 3 0x80002db0 (0x5208a157) c8_vstart 0x00000000 e32 m1 l8 v2  0x0000000700000006000000050000000400000003000000020000000100000000
core   2: 0x80002db0 (0x5208a157) vid.v   v2
core   2: 3 0x80002db0 (0x5208a157) c8_vstart 0x00000000 e32 m1 l8 v2  0x0000000700000006000000050000000400000003000000020000000100000000
core   3: 0x80002db0 (0x5208a157) vid.v   v2
core   3: 3 0x80002db0 (0x5208a157) c8_vstart 0x00000000 e32 m1 l8 v2  0x0000000700000006000000050000000400000003000000020000000100000000
core   0: 0x80002db4 (0x02234057) vadd.vx v0, v2, x6
core   0: 3 0x80002db4 (0x02234057) c8_vstart 0x00000000 e32 m1 l8 v0  0x0000000700000006000000050000000400000003000000020000000100000000
core   1: 0x80002db4 (0x02234057) vadd.vx v0, v2, x6
core   1: 3 0x80002db4 (0x02234057) c8_vstart 0x00000000 e32 m1 l8 v0  0x0000000f0000000e0000000d0000000c0000000b0000000a0000000900000008
core   2: 0x80002db4 (0x02234057) vadd.vx v0, v2, x6
core   2: 3 0x80002db4 (0x02234057) c8_vstart 0x00000000 e32 m1 l8 v0  0x0000000700000006000000050000000400000003000000020000000100000000
core   3: 0x80002db4 (0x02234057) vadd.vx v0, v2, x6
core   3: 3 0x80002db4 (0x02234057) c8_vstart 0x00000000 e32 m1 l8 v0  0x0000000f0000000e0000000d0000000c0000000b0000000a0000000900000008
core   0: 0x80002db8 (0x00100393) li      x7, 1
core   0: 3 0x80002db8 (0x00100393) x7  0x00000001
core   1: 0x80002db8 (0x00100393) li      x7, 1
core   1: 3 0x80002db8 (0x00100393) x7  0x00000001
core   2: 0x80002db8 (0x00100393) li      x7, 1
core   2: 3 0x80002db8 (0x00100393) x7  0x00000001
core   3: 0x80002db8 (0x00100393) li      x7, 1
core   3: 3 0x80002db8 (0x00100393) x7  0x00000001
core   0: 0x80002dbc (0x00728663) beq     x5, x7, pc + 12
core   0: 3 0x80002dbc (0x00728663)
core   1: 0x80002dbc (0x00728663) beq     x5, x7, pc + 12
core   1: 3 0x80002dbc (0x00728663)
core   2: 0x80002dbc (0x00728663) beq     x5, x7, pc + 12
core   2: 3 0x80002dbc (0x00728663)
core   3: 0x80002dbc (0x00728663) beq     x5, x7, pc + 12
core   3: 3 0x80002dbc (0x00728663)
core   0: 0x80002dc0 (0x01852e03) lw      x28, 24(x10)
core   0: 3 0x80002dc0 (0x01852e03) x28 0x00000008 mem 0xa0022018
core   1: 0x80002dc0 (0x01852e03) lw      x28, 24(x10)
core   1: 3 0x80002dc0 (0x01852e03) x28 0x00000008 mem 0xa0022018
core   2: 0x80002dc0 (0x01852e03) lw      x28, 24(x10)
core   2: 3 0x80002dc0 (0x01852e03) x28 0x00000008 mem 0xa0022018
core   3: 0x80002dc0 (0x01852e03) lw      x28, 24(x10)
core   3: 3 0x80002dc0 (0x01852e03) x28 0x00000008 mem 0xa0022018
core   0: 0x80002dc4 (0x8a0e6057) vremu.vx v0, v0, x28
core   0: 3 0x80002dc4 (0x8a0e6057) c8_vstart 0x00000000 e32 m1 l8 v0  0x0000000700000006000000050000000400000003000000020000000100000000
core   1: 0x80002dc4 (0x8a0e6057) vremu.vx v0, v0, x28
core   1: 3 0x80002dc4 (0x8a0e6057) c8_vstart 0x00000000 e32 m1 l8 v0  0x0000000700000006000000050000000400000003000000020000000100000000
core   2: 0x80002dc4 (0x8a0e6057) vremu.vx v0, v0, x28
core   2: 3 0x80002dc4 (0x8a0e6057) c8_vstart 0x00000000 e32 m1 l8 v0  0x0000000700000006000000050000000400000003000000020000000100000000
core   3: 0x80002dc4 (0x8a0e6057) vremu.vx v0, v0, x28
core   3: 3 0x80002dc4 (0x8a0e6057) c8_vstart 0x00000000 e32 m1 l8 v0  0x0000000700000006000000050000000400000003000000020000000100000000
core   0: 0x80002dc8 (0x00008067) ret
core   0: 3 0x80002dc8 (0x00008067)
core   1: 0x80002dc8 (0x00008067) ret
core   1: 3 0x80002dc8 (0x00008067)
core   2: 0x80002dc8 (0x00008067) ret
core   2: 3 0x80002dc8 (0x00008067)
core   3: 0x80002dc8 (0x00008067) ret
core   3: 3 0x80002dc8 (0x00008067)
core   0: 0x80002e38 (0x80302573) csrr    x10, knl
core   0: 3 0x80002e38 (0x80302573) x10 0xa0022000
core   1: 0x80002e38 (0x80302573) csrr    x10, knl
core   1: 3 0x80002e38 (0x80302573) x10 0xa0022000
core   2: 0x80002e38 (0x80302573) csrr    x10, knl
core   2: 3 0x80002e38 (0x80302573) x10 0xa0022000
core   3: 0x80002e38 (0x80302573) csrr    x10, knl
core   3: 3 0x80002e38 (0x80302573) x10 0xa0022000
core   0: 0x80002e3c (0x80802373) csrr    x6, gidx
core   0: 3 0x80002e3c (0x80802373) x6  0x00000000
core   1: 0x80002e3c (0x80802373) csrr    x6, gidx
core   1: 3 0x80002e3c (0x80802373) x6  0x00000000
core   2: 0x80002e3c (0x80802373) csrr    x6, gidx
core   2: 3 0x80002e3c (0x80802373) x6  0x00000001
core   3: 0x80002e3c (0x80802373) csrr    x6, gidx
core   3: 3 0x80002e3c (0x80802373) x6  0x00000001
core   0: 0x80002e40 (0x01852e03) lw      x28, 24(x10)
core   0: 3 0x80002e40 (0x01852e03) x28 0x00000008 mem 0xa0022018
core   1: 0x80002e40 (0x01852e03) lw      x28, 24(x10)
core   1: 3 0x80002e40 (0x01852e03) x28 0x00000008 mem 0xa0022018
core   2: 0x80002e40 (0x01852e03) lw      x28, 24(x10)
core   2: 3 0x80002e40 (0x01852e03) x28 0x00000008 mem 0xa0022018
core   3: 0x80002e40 (0x01852e03) lw      x28, 24(x10)
core   3: 3 0x80002e40 (0x01852e03) x28 0x00000008 mem 0xa0022018
core   0: 0x80002e44 (0x03c30fb3) mul     x31, x6, x28
core   0: 3 0x80002e44 (0x03c30fb3) x31 0x00000000
core   1: 0x80002e44 (0x03c30fb3) mul     x31, x6, x28
core   1: 3 0x80002e44 (0x03c30fb3) x31 0x00000000
core   2: 0x80002e44 (0x03c30fb3) mul     x31, x6, x28
core   2: 3 0x80002e44 (0x03c30fb3) x31 0x00000008
core   3: 0x80002e44 (0x03c30fb3) mul     x31, x6, x28
core   3: 3 0x80002e44 (0x03c30fb3) x31 0x00000008
core   0: 0x80002e48 (0x020fc057) vadd.vx v0, v0, x31
core   0: 3 0x80002e48 (0x020fc057) c8_vstart 0x00000000 e32 m1 l8 v0  0x0000000700000006000000050000000400000003000000020000000100000000
core   1: 0x80002e48 (0x020fc057) vadd.vx v0, v0, x31
core   1: 3 0x80002e48 (0x020fc057) c8_vstart 0x00000000 e32 m1 l8 v0  0x0000000700000006000000050000000400000003000000020000000100000000
core   2: 0x80002e48 (0x020fc057) vadd.vx v0, v0, x31
core   2: 3 0x80002e48 (0x020fc057) c8_vstart 0x00000000 e32 m1 l8 v0  0x0000000f0000000e0000000d0000000c0000000b0000000a0000000900000008
core   3: 0x80002e48 (0x020fc057) vadd.vx v0, v0, x31
core   3: 3 0x80002e48 (0x020fc057) c8_vstart 0x00000000 e32 m1 l8 v0  0x0000000f0000000e0000000d0000000c0000000b0000000a0000000900000008
core   0: 0x80002e4c (0xffc12083) lw      x1, -4(x2)
core   0: 3 0x80002e4c (0xffc12083) x1  0x80002cc8 mem 0x70000010
core   1: 0x80002e4c (0xffc12083) lw      x1, -4(x2)
core   1: 3 0x80002e4c (0xffc12083) x1  0x80002cc8 mem 0x70000010
core   2: 0x80002e4c (0xffc12083) lw      x1, -4(x2)
core   2: 3 0x80002e4c (0xffc12083) x1  0x80002cc8 mem 0x70001010
core   3: 0x80002e4c (0xffc12083) lw      x1, -4(x2)
core   3: 3 0x80002e4c (0xffc12083) x1  0x80002cc8 mem 0x70001010
core   0: 0x80002e50 (0x0400c00b) barrier x0, x0, 1
core   0: 3 0x80002e50 (0x0400c00b)
core   1: 0x80002e50 (0x0400c00b) barrier x0, x0, 1
core   1: 3 0x80002e50 (0x0400c00b)
core   2: 0x80002e50 (0x0400c00b) barrier x0, x0, 1
core   2: 3 0x80002e50 (0x0400c00b)
core   3: 0x80002e50 (0x0400c00b) barrier x0, x0, 1
core   3: 3 0x80002e50 (0x0400c00b)
core   0: 3 0x80002e50 (0x0400c00b)
core   1: 0x80002e54 (0xffc10113) addi    x2, x2, -4
core   1: 3 0x80002e54 (0xffc10113) x2  0x70000010
core   2: 3 0x80002e50 (0x0400c00b)
core   3: 0x80002e54 (0xffc10113) addi    x2, x2, -4
core   3: 3 0x80002e54 (0xffc10113) x2  0x70001010
core   0: Executed 2 times
core   0: 0x80002e54 (0xffc10113) addi    x2, x2, -4
core   0: 3 0x80002e54 (0xffc10113) x2  0x70000010
core   1: 0x80002e58 (0x00008067) ret
core   1: 3 0x80002e58 (0x00008067)
core   2: Executed 2 times
core   2: 0x80002e54 (0xffc10113) addi    x2, x2, -4
core   2: 3 0x80002e54 (0xffc10113) x2  0x70001010
core   3: 0x80002e58 (0x00008067) ret
core   3: 3 0x80002e58 (0x00008067)
core   0: 0x80002e58 (0x00008067) ret
core   0: 3 0x80002e58 (0x00008067)
core   1: 0x80002cc8 (0x0180006f) j       pc + 0x18
core   1: 3 0x80002cc8 (0x0180006f)
core   2: 0x80002e58 (0x00008067) ret
core   2: 3 0x80002e58 (0x00008067)
core   3: 0x80002cc8 (0x0180006f) j       pc + 0x18
core   3: 3 0x80002cc8 (0x0180006f)
core   0: 0x80002cc8 (0x0180006f) j       pc + 0x18
core   0: 3 0x80002cc8 (0x0180006f)
core   1: 0x80002ce0 (0x0000205b) join    v0, v0, pc + 0
core   1: 3 0x80002ce0 (0x0000205b)
current mask:	000000ff
current npc:	80002cc4
stack size: 0

core   2: 0x80002cc8 (0x0180006f) j       pc + 0x18
core   2: 3 0x80002cc8 (0x0180006f)
core   3: 0x80002ce0 (0x0000205b) join    v0, v0, pc + 0
core   3: 3 0x80002ce0 (0x0000205b)
current mask:	000000ff
current npc:	80002cc4
stack size: 0

core   0: 0x80002ce0 (0x0000205b) join    v0, v0, pc + 0
core   0: 3 0x80002ce0 (0x0000205b)
current mask:	000000ff
current npc:	80002cc4
stack size: 0

core   1: 0x80002ce4 (0xffc12083) lw      x1, -4(x2)
core   1: 3 0x80002ce4 (0xffc12083) x1  0x800000b8 mem 0x7000000c
core   2: 0x80002ce0 (0x0000205b) join    v0, v0, pc + 0
core   2: 3 0x80002ce0 (0x0000205b)
current mask:	000000ff
current npc:	80002cc4
stack size: 0

core   3: 0x80002ce4 (0xffc12083) lw      x1, -4(x2)
core   3: 3 0x80002ce4 (0xffc12083) x1  0x800000b8 mem 0x7000100c
core   0: 0x80002ce4 (0xffc12083) lw      x1, -4(x2)
core   0: 3 0x80002ce4 (0xffc12083) x1  0x800000b8 mem 0x7000000c
core   1: 0x80002ce8 (0x0400c00b) barrier x0, x0, 1
core   1: 3 0x80002ce8 (0x0400c00b)
core   2: 0x80002ce4 (0xffc12083) lw      x1, -4(x2)
core   2: 3 0x80002ce4 (0xffc12083) x1  0x800000b8 mem 0x7000100c
core   3: 0x80002ce8 (0x0400c00b) barrier x0, x0, 1
core   3: 3 0x80002ce8 (0x0400c00b)
core   0: 0x80002ce8 (0x0400c00b) barrier x0, x0, 1
core   0: 3 0x80002ce8 (0x0400c00b)
core   1: 3 0x80002ce8 (0x0400c00b)
core   2: 0x80002ce8 (0x0400c00b) barrier x0, x0, 1
core   2: 3 0x80002ce8 (0x0400c00b)
core   3: 3 0x80002ce8 (0x0400c00b)
core   0: 0x80002cec (0xffc10113) addi    x2, x2, -4
core   0: 3 0x80002cec (0xffc10113) x2  0x7000000c
core   1: Executed 2 times
core   1: 0x80002cec (0xffc10113) addi    x2, x2, -4
core   1: 3 0x80002cec (0xffc10113) x2  0x7000000c
core   2: 0x80002cec (0xffc10113) addi    x2, x2, -4
core   2: 3 0x80002cec (0xffc10113) x2  0x7000100c
core   3: Executed 2 times
core   3: 0x80002cec (0xffc10113) addi    x2, x2, -4
core   3: 3 0x80002cec (0xffc10113) x2  0x7000100c
core   0: 0x80002cf0 (0x00008067) ret
core   0: 3 0x80002cf0 (0x00008067)
core   1: 0x80002cf0 (0x00008067) ret
core   1: 3 0x80002cf0 (0x00008067)
core   2: 0x80002cf0 (0x00008067) ret
core   2: 3 0x80002cf0 (0x00008067)
core   3: 0x80002cf0 (0x00008067) ret
core   3: 3 0x80002cf0 (0x00008067)
core   0: 0x800000b8 (0x96013057) vsll.vi v0, v0, 2
core   0: 3 0x800000b8 (0x96013057) c8_vstart 0x00000000 e32 m1 l8 v0  0x0000001c0000001800000014000000100000000c000000080000000400000000
core   1: 0x800000b8 (0x96013057) vsll.vi v0, v0, 2
core   1: 3 0x800000b8 (0x96013057) c8_vstart 0x00000000 e32 m1 l8 v0  0x0000001c0000001800000014000000100000000c000000080000000400000000
core   2: 0x800000b8 (0x96013057) vsll.vi v0, v0, 2
core   2: 3 0x800000b8 (0x96013057) c8_vstart 0x00000000 e32 m1 l8 v0  0x0000003c0000003800000034000000300000002c000000280000002400000020
core   3: 0x800000b8 (0x96013057) vsll.vi v0, v0, 2
core   3: 3 0x800000b8 (0x96013057) c8_vstart 0x00000000 e32 m1 l8 v0  0x0000003c0000003800000034000000300000002c000000280000002400000020
core   0: 0x800000bc (0xffc12303) lw      x6, -4(x2)
core   0: 3 0x800000bc (0xffc12303) x6  0xa0021000 mem 0x70000008
core   1: 0x800000bc (0xffc12303) lw      x6, -4(x2)
core   1: 3 0x800000bc (0xffc12303) x6  0xa0021000 mem 0x70000008
core   2: 0x800000bc (0xffc12303) lw      x6, -4(x2)
core   2: 3 0x800000bc (0xffc12303) x6  0xa0021000 mem 0x70001008
core   3: 0x800000bc (0xffc12303) lw      x6, -4(x2)
core   3: 3 0x800000bc (0xffc12303) x6  0xa0021000 mem 0x70001008
core   0: 0x800000c0 (0x020340d7) vadd.vx v1, v0, x6
core   0: 3 0x800000c0 (0x020340d7) c8_vstart 0x00000000 e32 m1 l8 v1  0xa002101ca0021018a0021014a0021010a002100ca0021008a0021004a0021000
core   1: 0x800000c0 (0x020340d7) vadd.vx v1, v0, x6
core   1: 3 0x800000c0 (0x020340d7) c8_vstart 0x00000000 e32 m1 l8 v1  0xa002101ca0021018a0021014a0021010a002100ca0021008a0021004a0021000
core   2: 0x800000c0 (0x020340d7) vadd.vx v1, v0, x6
core   2: 3 0x800000c0 (0x020340d7) c8_vstart 0x00000000 e32 m1 l8 v1  0xa002103ca0021038a0021034a0021030a002102ca0021028a0021024a0021020
core   3: 0x800000c0 (0x020340d7) vadd.vx v1, v0, x6
core   3: 3 0x800000c0 (0x020340d7) c8_vstart 0x00000000 e32 m1 l8 v1  0xa002103ca0021038a0021034a0021030a002102ca0021028a0021024a0021020
core   0: 0x800000c4 (0x0000a0fb) vlw12.v v1, v1, 0
core   0: 3 0x800000c4 (0x0000a0fb) e32 m1 l8 v1  0x4100000040e0000040c0000040a000004080000040400000400000003f800000 c8_vstart 0x00000000 mem 0xa0021000 mem 0xa0021004 mem 0xa0021008 mem 0xa002100c mem 0xa0021010 mem 0xa0021014 mem 0xa0021018 mem 0xa002101c
core   1: 0x800000c4 (0x0000a0fb) vlw12.v v1, v1, 0
core   1: 3 0x800000c4 (0x0000a0fb) e32 m1 l8 v1  0x4100000040e0000040c0000040a000004080000040400000400000003f800000 c8_vstart 0x00000000 mem 0xa0021000 mem 0xa0021004 mem 0xa0021008 mem 0xa002100c mem 0xa0021010 mem 0xa0021014 mem 0xa0021018 mem 0xa002101c
core   2: 0x800000c4 (0x0000a0fb) vlw12.v v1, v1, 0
core   2: 3 0x800000c4 (0x0000a0fb) e32 m1 l8 v1  0x4180000041700000416000004150000041400000413000004120000041100000 c8_vstart 0x00000000 mem 0xa0021020 mem 0xa0021024 mem 0xa0021028 mem 0xa002102c mem 0xa0021030 mem 0xa0021034 mem 0xa0021038 mem 0xa002103c
core   3: 0x800000c4 (0x0000a0fb) vlw12.v v1, v1, 0
core   3: 3 0x800000c4 (0x0000a0fb) e32 m1 l8 v1  0x4180000041700000416000004150000041400000413000004120000041100000 c8_vstart 0x00000000 mem 0xa0021020 mem 0xa0021024 mem 0xa0021028 mem 0xa002102c mem 0xa0021030 mem 0xa0021034 mem 0xa0021038 mem 0xa002103c
core   0: 0x800000c8 (0xff812283) lw      x5, -8(x2)
core   0: 3 0x800000c8 (0xff812283) x5  0xa0020000 mem 0x70000004
core   1: 0x800000c8 (0xff812283) lw      x5, -8(x2)
core   1: 3 0x800000c8 (0xff812283) x5  0xa0020000 mem 0x70000004
core   2: 0x800000c8 (0xff812283) lw      x5, -8(x2)
core   2: 3 0x800000c8 (0xff812283) x5  0xa0020000 mem 0x70001004
core   3: 0x800000c8 (0xff812283) lw      x5, -8(x2)
core   3: 3 0x800000c8 (0xff812283) x5  0xa0020000 mem 0x70001004
core   0: 0x800000cc (0x0202c057) vadd.vx v0, v0, x5
core   0: 3 0x800000cc (0x0202c057) c8_vstart 0x00000000 e32 m1 l8 v0  0xa002001ca0020018a0020014a0020010a002000ca0020008a0020004a0020000
core   1: 0x800000cc (0x0202c057) vadd.vx v0, v0, x5
core   1: 3 0x800000cc (0x0202c057) c8_vstart 0x00000000 e32 m1 l8 v0  0xa002001ca0020018a0020014a0020010a002000ca0020008a0020004a0020000
core   2: 0x800000cc (0x0202c057) vadd.vx v0, v0, x5
core   2: 3 0x800000cc (0x0202c057) c8_vstart 0x00000000 e32 m1 l8 v0  0xa002003ca0020038a0020034a0020030a002002ca0020028a0020024a0020020
core   3: 0x800000cc (0x0202c057) vadd.vx v0, v0, x5
core   3: 3 0x800000cc (0x0202c057) c8_vstart 0x00000000 e32 m1 l8 v0  0xa002003ca0020038a0020034a0020030a002002ca0020028a0020024a0020020
core   0: 0x800000d0 (0x0000217b) vlw12.v v2, v0, 0
core   0: 3 0x800000d0 (0x0000217b) e32 m1 l8 v2  0x4100000040e0000040c0000040a000004080000040400000400000003f800000 c8_vstart 0x00000000 mem 0xa0020000 mem 0xa0020004 mem 0xa0020008 mem 0xa002000c mem 0xa0020010 mem 0xa0020014 mem 0xa0020018 mem 0xa002001c
core   1: 0x800000d0 (0x0000217b) vlw12.v v2, v0, 0
core   1: 3 0x800000d0 (0x0000217b) e32 m1 l8 v2  0x4100000040e0000040c0000040a000004080000040400000400000003f800000 c8_vstart 0x00000000 mem 0xa0020000 mem 0xa0020004 mem 0xa0020008 mem 0xa002000c mem 0xa0020010 mem 0xa0020014 mem 0xa0020018 mem 0xa002001c
core   2: 0x800000d0 (0x0000217b) vlw12.v v2, v0, 0
core   2: 3 0x800000d0 (0x0000217b) e32 m1 l8 v2  0x4180000041700000416000004150000041400000413000004120000041100000 c8_vstart 0x00000000 mem 0xa0020020 mem 0xa0020024 mem 0xa0020028 mem 0xa002002c mem 0xa0020030 mem 0xa0020034 mem 0xa0020038 mem 0xa002003c
core   3: 0x800000d0 (0x0000217b) vlw12.v v2, v0, 0
core   3: 3 0x800000d0 (0x0000217b) e32 m1 l8 v2  0x4180000041700000416000004150000041400000413000004120000041100000 c8_vstart 0x00000000 mem 0xa0020020 mem 0xa0020024 mem 0xa0020028 mem 0xa002002c mem 0xa0020030 mem 0xa0020034 mem 0xa0020038 mem 0xa002003c
core   0: 0x800000d4 (0x021110d7) vfadd.vv v1, v1, v2
core   0: 3 0x800000d4 (0x021110d7) c8_vstart 0x00000000 e32 m1 l8 v1  0x418000004160000041400000412000004100000040c000004080000040000000
core   1: 0x800000d4 (0x021110d7) vfadd.vv v1, v1, v2
core   1: 3 0x800000d4 (0x021110d7) c8_vstart 0x00000000 e32 m1 l8 v1  0x418000004160000041400000412000004100000040c000004080000040000000
core   2: 0x800000d4 (0x021110d7) vfadd.vv v1, v1, v2
core   2: 3 0x800000d4 (0x021110d7) c8_vstart 0x00000000 e32 m1 l8 v1  0x4200000041f0000041e0000041d0000041c0000041b0000041a0000041900000
core   3: 0x800000d4 (0x021110d7) vfadd.vv v1, v1, v2
core   3: 3 0x800000d4 (0x021110d7) c8_vstart 0x00000000 e32 m1 l8 v1  0x4200000041f0000041e0000041d0000041c0000041b0000041a0000041900000
core   0: 0x800000d8 (0x0010607b) vsw12.v v1, v0, 0
core   0: 3 0x800000d8 (0x0010607b) c8_vstart 0x00000000 e32 m1 l8 mem 0xa0020000 0x40000000 mem 0xa0020004 0x40800000 mem 0xa0020008 0x40c00000 mem 0xa002000c 0x41000000 mem 0xa0020010 0x41200000 mem 0xa0020014 0x41400000 mem 0xa0020018 0x41600000 mem 0xa002001c 0x41800000
core   1: 0x800000d8 (0x0010607b) vsw12.v v1, v0, 0
core   1: 3 0x800000d8 (0x0010607b) c8_vstart 0x00000000 e32 m1 l8 mem 0xa0020000 0x40000000 mem 0xa0020004 0x40800000 mem 0xa0020008 0x40c00000 mem 0xa002000c 0x41000000 mem 0xa0020010 0x41200000 mem 0xa0020014 0x41400000 mem 0xa0020018 0x41600000 mem 0xa002001c 0x41800000
core   2: 0x800000d8 (0x0010607b) vsw12.v v1, v0, 0
core   2: 3 0x800000d8 (0x0010607b) c8_vstart 0x00000000 e32 m1 l8 mem 0xa0020020 0x41900000 mem 0xa0020024 0x41a00000 mem 0xa0020028 0x41b00000 mem 0xa002002c 0x41c00000 mem 0xa0020030 0x41d00000 mem 0xa0020034 0x41e00000 mem 0xa0020038 0x41f00000 mem 0xa002003c 0x42000000
core   3: 0x800000d8 (0x0010607b) vsw12.v v1, v0, 0
core   3: 3 0x800000d8 (0x0010607b) c8_vstart 0x00000000 e32 m1 l8 mem 0xa0020020 0x41900000 mem 0xa0020024 0x41a00000 mem 0xa0020028 0x41b00000 mem 0xa002002c 0x41c00000 mem 0xa0020030 0x41d00000 mem 0xa0020034 0x41e00000 mem 0xa0020038 0x41f00000 mem 0xa002003c 0x42000000
core   0: 0x800000dc (0x8000f2b7) lui     x5, 0x8000f
core   0: 3 0x800000dc (0x8000f2b7) x5  0x8000f000
core   1: 0x800000dc (0x8000f2b7) lui     x5, 0x8000f
core   1: 3 0x800000dc (0x8000f2b7) x5  0x8000f000
core   2: 0x800000dc (0x8000f2b7) lui     x5, 0x8000f
core   2: 3 0x800000dc (0x8000f2b7) x5  0x8000f000
core   3: 0x800000dc (0x8000f2b7) lui     x5, 0x8000f
core   3: 3 0x800000dc (0x8000f2b7) x5  0x8000f000
core   0: 0x800000e0 (0x02f28293) addi    x5, x5, 47
core   0: 3 0x800000e0 (0x02f28293) x5  0x8000f02f
core   1: 0x800000e0 (0x02f28293) addi    x5, x5, 47
core   1: 3 0x800000e0 (0x02f28293) x5  0x8000f02f
core   2: 0x800000e0 (0x02f28293) addi    x5, x5, 47
core   2: 3 0x800000e0 (0x02f28293) x5  0x8000f02f
core   3: 0x800000e0 (0x02f28293) addi    x5, x5, 47
core   3: 3 0x800000e0 (0x02f28293) x5  0x8000f02f
core   0: 0x800000e4 (0x00200313) li      x6, 2
core   0: 3 0x800000e4 (0x00200313) x6  0x00000002
core   1: 0x800000e4 (0x00200313) li      x6, 2
core   1: 3 0x800000e4 (0x00200313) x6  0x00000002
core   2: 0x800000e4 (0x00200313) li      x6, 2
core   2: 3 0x800000e4 (0x00200313) x6  0x00000002
core   3: 0x800000e4 (0x00200313) li      x6, 2
core   3: 3 0x800000e4 (0x00200313) x6  0x00000002
core   0: 0x800000e8 (0x4202e057) vmv.s.x v0, x5
core   0: 3 0x800000e8 (0x4202e057) c8_vstart 0x00000000 e32 m1 l8 v0  0x8000f02f8000f02f8000f02f8000f02f8000f02f8000f02f8000f02f8000f02f
core   1: 0x800000e8 (0x4202e057) vmv.s.x v0, x5
core   1: 3 0x800000e8 (0x4202e057) c8_vstart 0x00000000 e32 m1 l8 v0  0x8000f02f8000f02f8000f02f8000f02f8000f02f8000f02f8000f02f8000f02f
core   2: 0x800000e8 (0x4202e057) vmv.s.x v0, x5
core   2: 3 0x800000e8 (0x4202e057) c8_vstart 0x00000000 e32 m1 l8 v0  0x8000f02f8000f02f8000f02f8000f02f8000f02f8000f02f8000f02f8000f02f
core   3: 0x800000e8 (0x4202e057) vmv.s.x v0, x5
core   3: 3 0x800000e8 (0x4202e057) c8_vstart 0x00000000 e32 m1 l8 v0  0x8000f02f8000f02f8000f02f8000f02f8000f02f8000f02f8000f02f8000f02f
core   0: 0x800000ec (0x420360d7) vmv.s.x v1, x6
core   0: 3 0x800000ec (0x420360d7) c8_vstart 0x00000000 e32 m1 l8 v1  0x0000000200000002000000020000000200000002000000020000000200000002
core   1: 0x800000ec (0x420360d7) vmv.s.x v1, x6
core   1: 3 0x800000ec (0x420360d7) c8_vstart 0x00000000 e32 m1 l8 v1  0x0000000200000002000000020000000200000002000000020000000200000002
core   2: 0x800000ec (0x420360d7) vmv.s.x v1, x6
core   2: 3 0x800000ec (0x420360d7) c8_vstart 0x00000000 e32 m1 l8 v1  0x0000000200000002000000020000000200000002000000020000000200000002
core   3: 0x800000ec (0x420360d7) vmv.s.x v1, x6
core   3: 3 0x800000ec (0x420360d7) c8_vstart 0x00000000 e32 m1 l8 v1  0x0000000200000002000000020000000200000002000000020000000200000002
core   0: 0x800000f0 (0x05c050ef) jal     pc + 0x505c
core   0: 3 0x800000f0 (0x05c050ef) x1  0x800000f4
core   1: 0x800000f0 (0x05c050ef) jal     pc + 0x505c
core   1: 3 0x800000f0 (0x05c050ef) x1  0x800000f4
core   2: 0x800000f0 (0x05c050ef) jal     pc + 0x505c
core   2: 3 0x800000f0 (0x05c050ef) x1  0x800000f4
core   3: 0x800000f0 (0x05c050ef) jal     pc + 0x505c
core   3: 3 0x800000f0 (0x05c050ef) x1  0x800000f4
core   0: 0x8000514c (0x00810113) addi    x2, x2, 8
core   0: 3 0x8000514c (0x00810113) x2  0x70000014
core   1: 0x8000514c (0x00810113) addi    x2, x2, 8
core   1: 3 0x8000514c (0x00810113) x2  0x70000014
core   2: 0x8000514c (0x00810113) addi    x2, x2, 8
core   2: 3 0x8000514c (0x00810113) x2  0x70001014
core   3: 0x8000514c (0x00810113) addi    x2, x2, 8
core   3: 3 0x8000514c (0x00810113) x2  0x70001014
core   0: 0x80005150 (0x04c20213) addi    x4, x4, 76
core   0: 3 0x80005150 (0x04c20213) x4  0x0000004c
core   1: 0x80005150 (0x04c20213) addi    x4, x4, 76
core   1: 3 0x80005150 (0x04c20213) x4  0x0000004c
core   2: 0x80005150 (0x04c20213) addi    x4, x4, 76
core   2: 3 0x80005150 (0x04c20213) x4  0x0000004c
core   3: 0x80005150 (0x04c20213) addi    x4, x4, 76
core   3: 3 0x80005150 (0x04c20213) x4  0x0000004c
core   0: 0x80005154 (0x0010200b) regext  x0, x0,  0 0 0 1 
core   0: 3 0x80005154 (0x0010200b)
core   1: 0x80005154 (0x0010200b) regext  x0, x0,  0 0 0 1 
core   1: 3 0x80005154 (0x0010200b)
core   2: 0x80005154 (0x0010200b) regext  x0, x0,  0 0 0 1 
core   2: 3 0x80005154 (0x0010200b)
core   3: 0x80005154 (0x0010200b) regext  x0, x0,  0 0 0 1 
core   3: 3 0x80005154 (0x0010200b)
core   0: 0x80005158 (0x5e024057) vmv.v.x v0, x4
core   0: 3 0x80005158 (0x5e024057) c8_vstart 0x00000000 e32 m1 l8 v32 0x0000004c0000004c0000004c0000004c0000004c0000004c0000004c0000004c
core   1: 0x80005158 (0x5e024057) vmv.v.x v0, x4
core   1: 3 0x80005158 (0x5e024057) c8_vstart 0x00000000 e32 m1 l8 v32 0x0000004c0000004c0000004c0000004c0000004c0000004c0000004c0000004c
core   2: 0x80005158 (0x5e024057) vmv.v.x v0, x4
core   2: 3 0x80005158 (0x5e024057) c8_vstart 0x00000000 e32 m1 l8 v32 0x0000004c0000004c0000004c0000004c0000004c0000004c0000004c0000004c
core   3: 0x80005158 (0x5e024057) vmv.v.x v0, x4
core   3: 3 0x80005158 (0x5e024057) c8_vstart 0x00000000 e32 m1 l8 v32 0x0000004c0000004c0000004c0000004c0000004c0000004c0000004c0000004c
core   0: 0x8000515c (0x00112a23) sw      x1, 20(x2)
core   0: 3 0x8000515c (0x00112a23) mem 0x70000028 0x800000f4
core   1: 0x8000515c (0x00112a23) sw      x1, 20(x2)
core   1: 3 0x8000515c (0x00112a23) mem 0x70000028 0x800000f4
core   2: 0x8000515c (0x00112a23) sw      x1, 20(x2)
core   2: 3 0x8000515c (0x00112a23) mem 0x70001028 0x800000f4
core   3: 0x8000515c (0x00112a23) sw      x1, 20(x2)
core   3: 3 0x8000515c (0x00112a23) mem 0x70001028 0x800000f4
core   0: 0x80005160 (0x0080200b) regext  x0, x0,  0 0 1 0 
core   0: 3 0x80005160 (0x0080200b)
core   1: 0x80005160 (0x0080200b) regext  x0, x0,  0 0 1 0 
core   1: 3 0x80005160 (0x0080200b)
core   2: 0x80005160 (0x0080200b) regext  x0, x0,  0 0 1 0 
core   2: 3 0x80005160 (0x0080200b)
core   3: 0x80005160 (0x0080200b) regext  x0, x0,  0 0 1 0 
core   3: 3 0x80005160 (0x0080200b)
core   0: 0x80005164 (0xfa70282b) vsw.v   v7, x0, -80
core   0: 3 0x80005164 (0xfa70282b) c8_vstart 0x00000000 mem 0x9fffffc0 0x00000000 mem 0x9fffffc4 0x00000000 mem 0x9fffffc8 0x00000000 mem 0x9fffffcc 0x00000000 mem 0x9fffffd0 0x00000000 mem 0x9fffffd4 0x00000000 mem 0x9fffffd8 0x00000000 mem 0x9fffffdc 0x00000000
core   1: 0x80005164 (0xfa70282b) vsw.v   v7, x0, -80
core   1: 3 0x80005164 (0xfa70282b) c8_vstart 0x00000000 mem 0x9fffffe0 0x00000000 mem 0x9fffffe4 0x00000000 mem 0x9fffffe8 0x00000000 mem 0x9fffffec 0x00000000 mem 0x9ffffff0 0x00000000 mem 0x9ffffff4 0x00000000 mem 0x9ffffff8 0x00000000 mem 0x9ffffffc 0x00000000
core   2: 0x80005164 (0xfa70282b) vsw.v   v7, x0, -80
core   2: 3 0x80005164 (0xfa70282b) c8_vstart 0x00000000 mem 0xa0007fc0 0x00000000 mem 0xa0007fc4 0x00000000 mem 0xa0007fc8 0x00000000 mem 0xa0007fcc 0x00000000 mem 0xa0007fd0 0x00000000 mem 0xa0007fd4 0x00000000 mem 0xa0007fd8 0x00000000 mem 0xa0007fdc 0x00000000
core   3: 0x80005164 (0xfa70282b) vsw.v   v7, x0, -80
core   3: 3 0x80005164 (0xfa70282b) c8_vstart 0x00000000 mem 0xa0007fe0 0x00000000 mem 0xa0007fe4 0x00000000 mem 0xa0007fe8 0x00000000 mem 0xa0007fec 0x00000000 mem 0xa0007ff0 0x00000000 mem 0xa0007ff4 0x00000000 mem 0xa0007ff8 0x00000000 mem 0xa0007ffc 0x00000000
core   0: 0x80005168 (0x0080200b) regext  x0, x0,  0 0 1 0 
core   0: 3 0x80005168 (0x0080200b)
core   1: 0x80005168 (0x0080200b) regext  x0, x0,  0 0 1 0 
core   1: 3 0x80005168 (0x0080200b)
core   2: 0x80005168 (0x0080200b) regext  x0, x0,  0 0 1 0 
core   2: 3 0x80005168 (0x0080200b)
core   3: 0x80005168 (0x0080200b) regext  x0, x0,  0 0 1 0 
core   3: 3 0x80005168 (0x0080200b)
core   0: 0x8000516c (0xfa602a2b) vsw.v   v6, x0, -76
core   0: 3 0x8000516c (0xfa602a2b) c8_vstart 0x00000000 mem 0xa0000000 0x00000000 mem 0xa0000004 0x00000000 mem 0xa0000008 0x00000000 mem 0xa000000c 0x00000000 mem 0xa0000010 0x00000000 mem 0xa0000014 0x00000000 mem 0xa0000018 0x00000000 mem 0xa000001c 0x00000000
core   1: 0x8000516c (0xfa602a2b) vsw.v   v6, x0, -76
core   1: 3 0x8000516c (0xfa602a2b) c8_vstart 0x00000000 mem 0xa0000020 0x00000000 mem 0xa0000024 0x00000000 mem 0xa0000028 0x00000000 mem 0xa000002c 0x00000000 mem 0xa0000030 0x00000000 mem 0xa0000034 0x00000000 mem 0xa0000038 0x00000000 mem 0xa000003c 0x00000000
core   2: 0x8000516c (0xfa602a2b) vsw.v   v6, x0, -76
core   2: 3 0x8000516c (0xfa602a2b) c8_vstart 0x00000000 mem 0xa0008000 0x00000000 mem 0xa0008004 0x00000000 mem 0xa0008008 0x00000000 mem 0xa000800c 0x00000000 mem 0xa0008010 0x00000000 mem 0xa0008014 0x00000000 mem 0xa0008018 0x00000000 mem 0xa000801c 0x00000000
core   3: 0x8000516c (0xfa602a2b) vsw.v   v6, x0, -76
core   3: 3 0x8000516c (0xfa602a2b) c8_vstart 0x00000000 mem 0xa0008020 0x00000000 mem 0xa0008024 0x00000000 mem 0xa0008028 0x00000000 mem 0xa000802c 0x00000000 mem 0xa0008030 0x00000000 mem 0xa0008034 0x00000000 mem 0xa0008038 0x00000000 mem 0xa000803c 0x00000000
core   0: 0x80005170 (0x0080200b) regext  x0, x0,  0 0 1 0 
core   0: 3 0x80005170 (0x0080200b)
core   1: 0x80005170 (0x0080200b) regext  x0, x0,  0 0 1 0 
core   1: 3 0x80005170 (0x0080200b)
core   2: 0x80005170 (0x0080200b) regext  x0, x0,  0 0 1 0 
core   2: 3 0x80005170 (0x0080200b)
core   3: 0x80005170 (0x0080200b) regext  x0, x0,  0 0 1 0 
core   3: 3 0x80005170 (0x0080200b)
core   0: 0x80005174 (0xfa502c2b) vsw.v   v5, x0, -72
core   0: 3 0x80005174 (0xfa502c2b) c8_vstart 0x00000000 mem 0xa0000040 0x00000000 mem 0xa0000044 0x00000000 mem 0xa0000048 0x00000000 mem 0xa000004c 0x00000000 mem 0xa0000050 0x00000000 mem 0xa0000054 0x00000000 mem 0xa0000058 0x00000000 mem 0xa000005c 0x00000000
core   1: 0x80005174 (0xfa502c2b) vsw.v   v5, x0, -72
core   1: 3 0x80005174 (0xfa502c2b) c8_vstart 0x00000000 mem 0xa0000060 0x00000000 mem 0xa0000064 0x00000000 mem 0xa0000068 0x00000000 mem 0xa000006c 0x00000000 mem 0xa0000070 0x00000000 mem 0xa0000074 0x00000000 mem 0xa0000078 0x00000000 mem 0xa000007c 0x00000000
core   2: 0x80005174 (0xfa502c2b) vsw.v   v5, x0, -72
core   2: 3 0x80005174 (0xfa502c2b) c8_vstart 0x00000000 mem 0xa0008040 0x00000000 mem 0xa0008044 0x00000000 mem 0xa0008048 0x00000000 mem 0xa000804c 0x00000000 mem 0xa0008050 0x00000000 mem 0xa0008054 0x00000000 mem 0xa0008058 0x00000000 mem 0xa000805c 0x00000000
core   3: 0x80005174 (0xfa502c2b) vsw.v   v5, x0, -72
core   3: 3 0x80005174 (0xfa502c2b) c8_vstart 0x00000000 mem 0xa0008060 0x00000000 mem 0xa0008064 0x00000000 mem 0xa0008068 0x00000000 mem 0xa000806c 0x00000000 mem 0xa0008070 0x00000000 mem 0xa0008074 0x00000000 mem 0xa0008078 0x00000000 mem 0xa000807c 0x00000000
core   0: 0x80005178 (0x0080200b) regext  x0, x0,  0 0 1 0 
core   0: 3 0x80005178 (0x0080200b)
core   1: 0x80005178 (0x0080200b) regext  x0, x0,  0 0 1 0 
core   1: 3 0x80005178 (0x0080200b)
core   2: 0x80005178 (0x0080200b) regext  x0, x0,  0 0 1 0 
core   2: 3 0x80005178 (0x0080200b)
core   3: 0x80005178 (0x0080200b) regext  x0, x0,  0 0 1 0 
core   3: 3 0x80005178 (0x0080200b)
core   0: 0x8000517c (0xfa402e2b) vsw.v   v4, x0, -68
core   0: 3 0x8000517c (0xfa402e2b) c8_vstart 0x00000000 mem 0xa0000080 0x00000000 mem 0xa0000084 0x00000000 mem 0xa0000088 0x00000000 mem 0xa000008c 0x00000000 mem 0xa0000090 0x00000000 mem 0xa0000094 0x00000000 mem 0xa0000098 0x00000000 mem 0xa000009c 0x00000000
core   1: 0x8000517c (0xfa402e2b) vsw.v   v4, x0, -68
core   1: 3 0x8000517c (0xfa402e2b) c8_vstart 0x00000000 mem 0xa00000a0 0x00000000 mem 0xa00000a4 0x00000000 mem 0xa00000a8 0x00000000 mem 0xa00000ac 0x00000000 mem 0xa00000b0 0x00000000 mem 0xa00000b4 0x00000000 mem 0xa00000b8 0x00000000 mem 0xa00000bc 0x00000000
core   2: 0x8000517c (0xfa402e2b) vsw.v   v4, x0, -68
core   2: 3 0x8000517c (0xfa402e2b) c8_vstart 0x00000000 mem 0xa0008080 0x00000000 mem 0xa0008084 0x00000000 mem 0xa0008088 0x00000000 mem 0xa000808c 0x00000000 mem 0xa0008090 0x00000000 mem 0xa0008094 0x00000000 mem 0xa0008098 0x00000000 mem 0xa000809c 0x00000000
core   3: 0x8000517c (0xfa402e2b) vsw.v   v4, x0, -68
core   3: 3 0x8000517c (0xfa402e2b) c8_vstart 0x00000000 mem 0xa00080a0 0x00000000 mem 0xa00080a4 0x00000000 mem 0xa00080a8 0x00000000 mem 0xa00080ac 0x00000000 mem 0xa00080b0 0x00000000 mem 0xa00080b4 0x00000000 mem 0xa00080b8 0x00000000 mem 0xa00080bc 0x00000000
core   0: 0x80005180 (0x0080200b) regext  x0, x0,  0 0 1 0 
core   0: 3 0x80005180 (0x0080200b)
core   1: 0x80005180 (0x0080200b) regext  x0, x0,  0 0 1 0 
core   1: 3 0x80005180 (0x0080200b)
core   2: 0x80005180 (0x0080200b) regext  x0, x0,  0 0 1 0 
core   2: 3 0x80005180 (0x0080200b)
core   3: 0x80005180 (0x0080200b) regext  x0, x0,  0 0 1 0 
core   3: 3 0x80005180 (0x0080200b)
core   0: 0x80005184 (0xfc30202b) vsw.v   v3, x0, -64
core   0: 3 0x80005184 (0xfc30202b) c8_vstart 0x00000000 mem 0xa00000c0 0x00000000 mem 0xa00000c4 0x00000000 mem 0xa00000c8 0x00000000 mem 0xa00000cc 0x00000000 mem 0xa00000d0 0x00000000 mem 0xa00000d4 0x00000000 mem 0xa00000d8 0x00000000 mem 0xa00000dc 0x00000000
core   1: 0x80005184 (0xfc30202b) vsw.v   v3, x0, -64
core   1: 3 0x80005184 (0xfc30202b) c8_vstart 0x00000000 mem 0xa00000e0 0x00000000 mem 0xa00000e4 0x00000000 mem 0xa00000e8 0x00000000 mem 0xa00000ec 0x00000000 mem 0xa00000f0 0x00000000 mem 0xa00000f4 0x00000000 mem 0xa00000f8 0x00000000 mem 0xa00000fc 0x00000000
core   2: 0x80005184 (0xfc30202b) vsw.v   v3, x0, -64
core   2: 3 0x80005184 (0xfc30202b) c8_vstart 0x00000000 mem 0xa00080c0 0x00000000 mem 0xa00080c4 0x00000000 mem 0xa00080c8 0x00000000 mem 0xa00080cc 0x00000000 mem 0xa00080d0 0x00000000 mem 0xa00080d4 0x00000000 mem 0xa00080d8 0x00000000 mem 0xa00080dc 0x00000000
core   3: 0x80005184 (0xfc30202b) vsw.v   v3, x0, -64
core   3: 3 0x80005184 (0xfc30202b) c8_vstart 0x00000000 mem 0xa00080e0 0x00000000 mem 0xa00080e4 0x00000000 mem 0xa00080e8 0x00000000 mem 0xa00080ec 0x00000000 mem 0xa00080f0 0x00000000 mem 0xa00080f4 0x00000000 mem 0xa00080f8 0x00000000 mem 0xa00080fc 0x00000000
core   0: 0x80005188 (0x0080200b) regext  x0, x0,  0 0 1 0 
core   0: 3 0x80005188 (0x0080200b)
core   1: 0x80005188 (0x0080200b) regext  x0, x0,  0 0 1 0 
core   1: 3 0x80005188 (0x0080200b)
core   2: 0x80005188 (0x0080200b) regext  x0, x0,  0 0 1 0 
core   2: 3 0x80005188 (0x0080200b)
core   3: 0x80005188 (0x0080200b) regext  x0, x0,  0 0 1 0 
core   3: 3 0x80005188 (0x0080200b)
core   0: 0x8000518c (0xfc20222b) vsw.v   v2, x0, -60
core   0: 3 0x8000518c (0xfc20222b) c8_vstart 0x00000000 mem 0xa0000100 0x3f800000 mem 0xa0000104 0x40000000 mem 0xa0000108 0x40400000 mem 0xa000010c 0x40800000 mem 0xa0000110 0x40a00000 mem 0xa0000114 0x40c00000 mem 0xa0000118 0x40e00000 mem 0xa000011c 0x41000000
core   1: 0x8000518c (0xfc20222b) vsw.v   v2, x0, -60
core   1: 3 0x8000518c (0xfc20222b) c8_vstart 0x00000000 mem 0xa0000120 0x3f800000 mem 0xa0000124 0x40000000 mem 0xa0000128 0x40400000 mem 0xa000012c 0x40800000 mem 0xa0000130 0x40a00000 mem 0xa0000134 0x40c00000 mem 0xa0000138 0x40e00000 mem 0xa000013c 0x41000000
core   2: 0x8000518c (0xfc20222b) vsw.v   v2, x0, -60
core   2: 3 0x8000518c (0xfc20222b) c8_vstart 0x00000000 mem 0xa0008100 0x41100000 mem 0xa0008104 0x41200000 mem 0xa0008108 0x41300000 mem 0xa000810c 0x41400000 mem 0xa0008110 0x41500000 mem 0xa0008114 0x41600000 mem 0xa0008118 0x41700000 mem 0xa000811c 0x41800000
core   3: 0x8000518c (0xfc20222b) vsw.v   v2, x0, -60
core   3: 3 0x8000518c (0xfc20222b) c8_vstart 0x00000000 mem 0xa0008120 0x41100000 mem 0xa0008124 0x41200000 mem 0xa0008128 0x41300000 mem 0xa000812c 0x41400000 mem 0xa0008130 0x41500000 mem 0xa0008134 0x41600000 mem 0xa0008138 0x41700000 mem 0xa000813c 0x41800000
core   0: 0x80005190 (0x0080200b) regext  x0, x0,  0 0 1 0 
core   0: 3 0x80005190 (0x0080200b)
core   1: 0x80005190 (0x0080200b) regext  x0, x0,  0 0 1 0 
core   1: 3 0x80005190 (0x0080200b)
core   2: 0x80005190 (0x0080200b) regext  x0, x0,  0 0 1 0 
core   2: 3 0x80005190 (0x0080200b)
core   3: 0x80005190 (0x0080200b) regext  x0, x0,  0 0 1 0 
core   3: 3 0x80005190 (0x0080200b)
core   0: 0x80005194 (0xfc10242b) vsw.v   v1, x0, -56
core   0: 3 0x80005194 (0xfc10242b) c8_vstart 0x00000000 mem 0xa0000140 0x00000002 mem 0xa0000144 0x00000002 mem 0xa0000148 0x00000002 mem 0xa000014c 0x00000002 mem 0xa0000150 0x00000002 mem 0xa0000154 0x00000002 mem 0xa0000158 0x00000002 mem 0xa000015c 0x00000002
core   1: 0x80005194 (0xfc10242b) vsw.v   v1, x0, -56
core   1: 3 0x80005194 (0xfc10242b) c8_vstart 0x00000000 mem 0xa0000160 0x00000002 mem 0xa0000164 0x00000002 mem 0xa0000168 0x00000002 mem 0xa000016c 0x00000002 mem 0xa0000170 0x00000002 mem 0xa0000174 0x00000002 mem 0xa0000178 0x00000002 mem 0xa000017c 0x00000002
core   2: 0x80005194 (0xfc10242b) vsw.v   v1, x0, -56
core   2: 3 0x80005194 (0xfc10242b) c8_vstart 0x00000000 mem 0xa0008140 0x00000002 mem 0xa0008144 0x00000002 mem 0xa0008148 0x00000002 mem 0xa000814c 0x00000002 mem 0xa0008150 0x00000002 mem 0xa0008154 0x00000002 mem 0xa0008158 0x00000002 mem 0xa000815c 0x00000002
core   3: 0x80005194 (0xfc10242b) vsw.v   v1, x0, -56
core   3: 3 0x80005194 (0xfc10242b) c8_vstart 0x00000000 mem 0xa0008160 0x00000002 mem 0xa0008164 0x00000002 mem 0xa0008168 0x00000002 mem 0xa000816c 0x00000002 mem 0xa0008170 0x00000002 mem 0xa0008174 0x00000002 mem 0xa0008178 0x00000002 mem 0xa000817c 0x00000002
core   0: 0x80005198 (0x0080200b) regext  x0, x0,  0 0 1 0 
core   0: 3 0x80005198 (0x0080200b)
core   1: 0x80005198 (0x0080200b) regext  x0, x0,  0 0 1 0 
core   1: 3 0x80005198 (0x0080200b)
core   2: 0x80005198 (0x0080200b) regext  x0, x0,  0 0 1 0 
core   2: 3 0x80005198 (0x0080200b)
core   3: 0x80005198 (0x0080200b) regext  x0, x0,  0 0 1 0 
core   3: 3 0x80005198 (0x0080200b)
core   0: 0x8000519c (0xfc00667b) vsw12.v v0, v0, -52
core   0: 3 0x8000519c (0xfc00667b) c8_vstart 0x00000000 e32 m1 l8
core   0: exception trap_store_access_fault, epc 0x8000519c
core   0:           tval 0x00000018
core   1: 0x8000519c (0xfc00667b) vsw12.v v0, v0, -52
core   1: 3 0x8000519c (0xfc00667b) c8_vstart 0x00000000 e32 m1 l8
core   1: exception trap_store_access_fault, epc 0x8000519c
core   1:           tval 0x00000018
core   2: 0x8000519c (0xfc00667b) vsw12.v v0, v0, -52
core   2: 3 0x8000519c (0xfc00667b) c8_vstart 0x00000000 e32 m1 l8
core   2: exception trap_store_access_fault, epc 0x8000519c
core   2:           tval 0x00000018
core   3: 0x8000519c (0xfc00667b) vsw12.v v0, v0, -52
core   3: 3 0x8000519c (0xfc00667b) c8_vstart 0x00000000 e32 m1 l8
core   3: exception trap_store_access_fault, epc 0x8000519c
core   3:           tval 0x00000018
core   0: >>>>  spike_end
core   0: 0x80000088 (0x00100313) li      x6, 1
core   0: 3 0x80000088 (0x00100313) x6  0x00000001
core   1: >>>>  spike_end
core   1: 0x80000088 (0x00100313) li      x6, 1
core   1: 3 0x80000088 (0x00100313) x6  0x00000001
core   2: >>>>  spike_end
core   2: 0x80000088 (0x00100313) li      x6, 1
core   2: 3 0x80000088 (0x00100313) x6  0x00000001
core   3: >>>>  spike_end
core   3: 0x80000088 (0x00100313) li      x6, 1
core   3: 3 0x80000088 (0x00100313) x6  0x00000001
core   0: 0x8000008c (0x0000e297) auipc   x5, 0xe
core   0: 3 0x8000008c (0x0000e297) x5  0x8000e08c
core   1: 0x8000008c (0x0000e297) auipc   x5, 0xe
core   1: 3 0x8000008c (0x0000e297) x5  0x8000e08c
core   2: 0x8000008c (0x0000e297) auipc   x5, 0xe
core   2: 3 0x8000008c (0x0000e297) x5  0x8000e08c
core   3: 0x8000008c (0x0000e297) auipc   x5, 0xe
core   3: 3 0x8000008c (0x0000e297) x5  0x8000e08c
core   0: 0x80000090 (0xf7428293) addi    x5, x5, -140
core   0: 3 0x80000090 (0xf7428293) x5  0x8000e000
core   1: 0x80000090 (0xf7428293) addi    x5, x5, -140
core   1: 3 0x80000090 (0xf7428293) x5  0x8000e000
core   2: 0x80000090 (0xf7428293) addi    x5, x5, -140
core   2: 3 0x80000090 (0xf7428293) x5  0x8000e000
core   3: 0x80000090 (0xf7428293) addi    x5, x5, -140
core   3: 3 0x80000090 (0xf7428293) x5  0x8000e000
core   0: 0x80000094 (0x0062a023) sw      x6, 0(x5)
core   0: 3 0x80000094 (0x0062a023) mem 0x8000e000 0x00000001
